0 info it worked if it ends with ok
1 verbose cli [ '/usr/local/bin/node',
1 verbose cli   '/usr/local/bin/npm',
1 verbose cli   'install',
1 verbose cli   '-g',
1 verbose cli   'donejs' ]
2 info using npm@3.8.9
3 info using node@v6.2.0
4 silly loadCurrentTree Starting
5 silly install loadCurrentTree
6 silly install readGlobalPackageData
7 silly fetchPackageMetaData donejs
8 silly fetchNamedPackageData donejs
9 silly mapToRegistry name donejs
10 silly mapToRegistry using default registry
11 silly mapToRegistry registry https://registry.npmjs.org/
12 silly mapToRegistry data Result {
12 silly mapToRegistry   raw: 'donejs',
12 silly mapToRegistry   scope: null,
12 silly mapToRegistry   name: 'donejs',
12 silly mapToRegistry   rawSpec: '',
12 silly mapToRegistry   spec: 'latest',
12 silly mapToRegistry   type: 'tag' }
13 silly mapToRegistry uri https://registry.npmjs.org/donejs
14 verbose request uri https://registry.npmjs.org/donejs
15 verbose request no auth needed
16 info attempt registry request try #1 at 3:19:20 PM
17 verbose request id a2c5ad525f072878
18 verbose etag "1WQIAQU4VF0CGHFGFS3BUKHUG"
19 http request GET https://registry.npmjs.org/donejs
20 http 200 https://registry.npmjs.org/donejs
21 verbose headers { server: 'nginx/1.10.1',
21 verbose headers   'content-type': 'application/json',
21 verbose headers   'last-modified': 'Tue, 31 May 2016 19:19:23 GMT',
21 verbose headers   etag: 'W/"574de3bb-27a4d"',
21 verbose headers   'content-encoding': 'gzip',
21 verbose headers   'cache-control': 'max-age=300',
21 verbose headers   'content-length': '12704',
21 verbose headers   'accept-ranges': 'bytes',
21 verbose headers   date: 'Wed, 23 Nov 2016 21:19:21 GMT',
21 verbose headers   via: '1.1 varnish',
21 verbose headers   age: '0',
21 verbose headers   connection: 'keep-alive',
21 verbose headers   'x-served-by': 'cache-iad2148-IAD',
21 verbose headers   'x-cache': 'HIT',
21 verbose headers   'x-cache-hits': '1',
21 verbose headers   'x-timer': 'S1479935961.587790,VS0,VE1',
21 verbose headers   vary: 'Accept-Encoding' }
22 silly get cb [ 200,
22 silly get   { server: 'nginx/1.10.1',
22 silly get     'content-type': 'application/json',
22 silly get     'last-modified': 'Tue, 31 May 2016 19:19:23 GMT',
22 silly get     etag: 'W/"574de3bb-27a4d"',
22 silly get     'content-encoding': 'gzip',
22 silly get     'cache-control': 'max-age=300',
22 silly get     'content-length': '12704',
22 silly get     'accept-ranges': 'bytes',
22 silly get     date: 'Wed, 23 Nov 2016 21:19:21 GMT',
22 silly get     via: '1.1 varnish',
22 silly get     age: '0',
22 silly get     connection: 'keep-alive',
22 silly get     'x-served-by': 'cache-iad2148-IAD',
22 silly get     'x-cache': 'HIT',
22 silly get     'x-cache-hits': '1',
22 silly get     'x-timer': 'S1479935961.587790,VS0,VE1',
22 silly get     vary: 'Accept-Encoding' } ]
23 verbose get saving donejs to /Users/tqwhite/.npm/registry.npmjs.org/donejs/.cache.json
24 verbose correctMkdir /Users/tqwhite/.npm correctMkdir not in flight; initializing
25 silly install normalizeTree
26 silly loadCurrentTree Finishing
27 silly loadIdealTree Starting
28 silly install loadIdealTree
29 silly cloneCurrentTree Starting
30 silly install cloneCurrentTreeToIdealTree
31 silly cloneCurrentTree Finishing
32 silly loadShrinkwrap Starting
33 silly install loadShrinkwrap
34 silly loadShrinkwrap Finishing
35 silly loadAllDepsIntoIdealTree Starting
36 silly install loadAllDepsIntoIdealTree
37 silly resolveWithNewModule donejs@0.9.2 checking installable status
38 silly cache add args [ 'donejs', null ]
39 verbose cache add spec donejs
40 silly cache add parsed spec Result {
40 silly cache add   raw: 'donejs',
40 silly cache add   scope: null,
40 silly cache add   name: 'donejs',
40 silly cache add   rawSpec: '',
40 silly cache add   spec: 'latest',
40 silly cache add   type: 'tag' }
41 silly addNamed donejs@latest
42 verbose addNamed "latest" is being treated as a dist-tag for donejs
43 info addNameTag [ 'donejs', 'latest' ]
44 silly mapToRegistry name donejs
45 silly mapToRegistry using default registry
46 silly mapToRegistry registry https://registry.npmjs.org/
47 silly mapToRegistry data Result {
47 silly mapToRegistry   raw: 'donejs',
47 silly mapToRegistry   scope: null,
47 silly mapToRegistry   name: 'donejs',
47 silly mapToRegistry   rawSpec: '',
47 silly mapToRegistry   spec: 'latest',
47 silly mapToRegistry   type: 'tag' }
48 silly mapToRegistry uri https://registry.npmjs.org/donejs
49 verbose addNameTag registry:https://registry.npmjs.org/donejs not in flight; fetching
50 verbose get https://registry.npmjs.org/donejs not expired, no request
51 silly addNameTag next cb for donejs with tag latest
52 silly addNamed donejs@0.9.2
53 verbose addNamed "0.9.2" is a plain semver version for donejs
54 silly cache afterAdd donejs@0.9.2
55 verbose afterAdd /Users/tqwhite/.npm/donejs/0.9.2/package/package.json not in flight; writing
56 verbose correctMkdir /Users/tqwhite/.npm correctMkdir not in flight; initializing
57 verbose afterAdd /Users/tqwhite/.npm/donejs/0.9.2/package/package.json written
58 silly fetchNamedPackageData chalk
59 silly mapToRegistry name chalk
60 silly mapToRegistry using default registry
61 silly mapToRegistry registry https://registry.npmjs.org/
62 silly mapToRegistry data Result {
62 silly mapToRegistry   raw: 'chalk',
62 silly mapToRegistry   scope: null,
62 silly mapToRegistry   name: 'chalk',
62 silly mapToRegistry   rawSpec: '',
62 silly mapToRegistry   spec: 'latest',
62 silly mapToRegistry   type: 'tag' }
63 silly mapToRegistry uri https://registry.npmjs.org/chalk
64 silly fetchNamedPackageData commander
65 silly mapToRegistry name commander
66 silly mapToRegistry using default registry
67 silly mapToRegistry registry https://registry.npmjs.org/
68 silly mapToRegistry data Result {
68 silly mapToRegistry   raw: 'commander',
68 silly mapToRegistry   scope: null,
68 silly mapToRegistry   name: 'commander',
68 silly mapToRegistry   rawSpec: '',
68 silly mapToRegistry   spec: 'latest',
68 silly mapToRegistry   type: 'tag' }
69 silly mapToRegistry uri https://registry.npmjs.org/commander
70 silly fetchNamedPackageData cross-spawn-async
71 silly mapToRegistry name cross-spawn-async
72 silly mapToRegistry using default registry
73 silly mapToRegistry registry https://registry.npmjs.org/
74 silly mapToRegistry data Result {
74 silly mapToRegistry   raw: 'cross-spawn-async',
74 silly mapToRegistry   scope: null,
74 silly mapToRegistry   name: 'cross-spawn-async',
74 silly mapToRegistry   rawSpec: '',
74 silly mapToRegistry   spec: 'latest',
74 silly mapToRegistry   type: 'tag' }
75 silly mapToRegistry uri https://registry.npmjs.org/cross-spawn-async
76 silly fetchNamedPackageData q
77 silly mapToRegistry name q
78 silly mapToRegistry using default registry
79 silly mapToRegistry registry https://registry.npmjs.org/
80 silly mapToRegistry data Result {
80 silly mapToRegistry   raw: 'q',
80 silly mapToRegistry   scope: null,
80 silly mapToRegistry   name: 'q',
80 silly mapToRegistry   rawSpec: '',
80 silly mapToRegistry   spec: 'latest',
80 silly mapToRegistry   type: 'tag' }
81 silly mapToRegistry uri https://registry.npmjs.org/q
82 verbose request uri https://registry.npmjs.org/chalk
83 verbose request no auth needed
84 info attempt registry request try #1 at 3:19:23 PM
85 verbose etag "7BXCQUE1BZPPLCK8SY1D7NMGN"
86 http request GET https://registry.npmjs.org/chalk
87 verbose request uri https://registry.npmjs.org/commander
88 verbose request no auth needed
89 info attempt registry request try #1 at 3:19:23 PM
90 verbose etag "ENWO1TSA179L05NUL7BWJJEP"
91 http request GET https://registry.npmjs.org/commander
92 verbose request uri https://registry.npmjs.org/q
93 verbose request no auth needed
94 info attempt registry request try #1 at 3:19:23 PM
95 verbose etag "9JIRFMK5QTBI17M3NNKFJP7AZ"
96 http request GET https://registry.npmjs.org/q
97 verbose request uri https://registry.npmjs.org/cross-spawn-async
98 verbose request no auth needed
99 info attempt registry request try #1 at 3:19:23 PM
100 verbose etag "ZVZFJ36BQOGFKRF9C0HKBN2Y"
101 http request GET https://registry.npmjs.org/cross-spawn-async
102 http 200 https://registry.npmjs.org/chalk
103 verbose headers { server: 'nginx/1.10.1',
103 verbose headers   'content-type': 'application/json',
103 verbose headers   'last-modified': 'Wed, 23 Nov 2016 06:40:03 GMT',
103 verbose headers   etag: 'W/"583539c3-8113"',
103 verbose headers   'content-encoding': 'gzip',
103 verbose headers   'cache-control': 'max-age=300',
103 verbose headers   'content-length': '8424',
103 verbose headers   'accept-ranges': 'bytes',
103 verbose headers   date: 'Wed, 23 Nov 2016 21:19:23 GMT',
103 verbose headers   via: '1.1 varnish',
103 verbose headers   age: '217',
103 verbose headers   connection: 'keep-alive',
103 verbose headers   'x-served-by': 'cache-iad2148-IAD',
103 verbose headers   'x-cache': 'HIT',
103 verbose headers   'x-cache-hits': '20',
103 verbose headers   'x-timer': 'S1479935963.418227,VS0,VE0',
103 verbose headers   vary: 'Accept-Encoding' }
104 silly get cb [ 200,
104 silly get   { server: 'nginx/1.10.1',
104 silly get     'content-type': 'application/json',
104 silly get     'last-modified': 'Wed, 23 Nov 2016 06:40:03 GMT',
104 silly get     etag: 'W/"583539c3-8113"',
104 silly get     'content-encoding': 'gzip',
104 silly get     'cache-control': 'max-age=300',
104 silly get     'content-length': '8424',
104 silly get     'accept-ranges': 'bytes',
104 silly get     date: 'Wed, 23 Nov 2016 21:19:23 GMT',
104 silly get     via: '1.1 varnish',
104 silly get     age: '217',
104 silly get     connection: 'keep-alive',
104 silly get     'x-served-by': 'cache-iad2148-IAD',
104 silly get     'x-cache': 'HIT',
104 silly get     'x-cache-hits': '20',
104 silly get     'x-timer': 'S1479935963.418227,VS0,VE0',
104 silly get     vary: 'Accept-Encoding' } ]
105 verbose get saving chalk to /Users/tqwhite/.npm/registry.npmjs.org/chalk/.cache.json
106 verbose correctMkdir /Users/tqwhite/.npm correctMkdir not in flight; initializing
107 silly resolveWithNewModule chalk@1.1.3 checking installable status
108 silly cache add args [ 'chalk@^1.1.3', null ]
109 verbose cache add spec chalk@^1.1.3
110 silly cache add parsed spec Result {
110 silly cache add   raw: 'chalk@^1.1.3',
110 silly cache add   scope: null,
110 silly cache add   name: 'chalk',
110 silly cache add   rawSpec: '^1.1.3',
110 silly cache add   spec: '>=1.1.3 <2.0.0',
110 silly cache add   type: 'range' }
111 silly addNamed chalk@>=1.1.3 <2.0.0
112 verbose addNamed ">=1.1.3 <2.0.0" is a valid semver range for chalk
113 silly addNameRange { name: 'chalk', range: '>=1.1.3 <2.0.0', hasData: false }
114 silly mapToRegistry name chalk
115 silly mapToRegistry using default registry
116 silly mapToRegistry registry https://registry.npmjs.org/
117 silly mapToRegistry data Result {
117 silly mapToRegistry   raw: 'chalk',
117 silly mapToRegistry   scope: null,
117 silly mapToRegistry   name: 'chalk',
117 silly mapToRegistry   rawSpec: '',
117 silly mapToRegistry   spec: 'latest',
117 silly mapToRegistry   type: 'tag' }
118 silly mapToRegistry uri https://registry.npmjs.org/chalk
119 verbose addNameRange registry:https://registry.npmjs.org/chalk not in flight; fetching
120 verbose get https://registry.npmjs.org/chalk not expired, no request
121 silly addNameRange number 2 { name: 'chalk', range: '>=1.1.3 <2.0.0', hasData: true }
122 silly addNameRange versions [ 'chalk',
122 silly addNameRange   [ '0.1.0',
122 silly addNameRange     '0.1.1',
122 silly addNameRange     '0.2.0',
122 silly addNameRange     '0.2.1',
122 silly addNameRange     '0.3.0',
122 silly addNameRange     '0.4.0',
122 silly addNameRange     '0.5.0',
122 silly addNameRange     '0.5.1',
122 silly addNameRange     '1.0.0',
122 silly addNameRange     '1.1.0',
122 silly addNameRange     '1.1.1',
122 silly addNameRange     '1.1.2',
122 silly addNameRange     '1.1.3' ] ]
123 silly addNamed chalk@1.1.3
124 verbose addNamed "1.1.3" is a plain semver version for chalk
125 silly cache afterAdd chalk@1.1.3
126 verbose afterAdd /Users/tqwhite/.npm/chalk/1.1.3/package/package.json not in flight; writing
127 verbose correctMkdir /Users/tqwhite/.npm correctMkdir not in flight; initializing
128 verbose afterAdd /Users/tqwhite/.npm/chalk/1.1.3/package/package.json written
129 http 200 https://registry.npmjs.org/cross-spawn-async
130 verbose headers { server: 'nginx/1.10.1',
130 verbose headers   'content-type': 'application/json',
130 verbose headers   'last-modified': 'Thu, 27 Oct 2016 18:43:35 GMT',
130 verbose headers   etag: 'W/"58124ad7-885a"',
130 verbose headers   'content-encoding': 'gzip',
130 verbose headers   'cache-control': 'max-age=300',
130 verbose headers   'content-length': '4312',
130 verbose headers   'accept-ranges': 'bytes',
130 verbose headers   date: 'Wed, 23 Nov 2016 21:19:23 GMT',
130 verbose headers   via: '1.1 varnish',
130 verbose headers   age: '78',
130 verbose headers   connection: 'keep-alive',
130 verbose headers   'x-served-by': 'cache-iad2127-IAD',
130 verbose headers   'x-cache': 'HIT',
130 verbose headers   'x-cache-hits': '2',
130 verbose headers   'x-timer': 'S1479935963.507852,VS0,VE0',
130 verbose headers   vary: 'Accept-Encoding' }
131 silly get cb [ 200,
131 silly get   { server: 'nginx/1.10.1',
131 silly get     'content-type': 'application/json',
131 silly get     'last-modified': 'Thu, 27 Oct 2016 18:43:35 GMT',
131 silly get     etag: 'W/"58124ad7-885a"',
131 silly get     'content-encoding': 'gzip',
131 silly get     'cache-control': 'max-age=300',
131 silly get     'content-length': '4312',
131 silly get     'accept-ranges': 'bytes',
131 silly get     date: 'Wed, 23 Nov 2016 21:19:23 GMT',
131 silly get     via: '1.1 varnish',
131 silly get     age: '78',
131 silly get     connection: 'keep-alive',
131 silly get     'x-served-by': 'cache-iad2127-IAD',
131 silly get     'x-cache': 'HIT',
131 silly get     'x-cache-hits': '2',
131 silly get     'x-timer': 'S1479935963.507852,VS0,VE0',
131 silly get     vary: 'Accept-Encoding' } ]
132 verbose get saving cross-spawn-async to /Users/tqwhite/.npm/registry.npmjs.org/cross-spawn-async/.cache.json
133 verbose correctMkdir /Users/tqwhite/.npm correctMkdir not in flight; initializing
134 http 200 https://registry.npmjs.org/commander
135 verbose headers { server: 'nginx/1.10.1',
135 verbose headers   'content-type': 'application/json',
135 verbose headers   'last-modified': 'Wed, 23 Nov 2016 14:24:03 GMT',
135 verbose headers   etag: 'W/"5835a683-fbd9"',
135 verbose headers   'content-encoding': 'gzip',
135 verbose headers   'cache-control': 'max-age=300',
135 verbose headers   'content-length': '12255',
135 verbose headers   'accept-ranges': 'bytes',
135 verbose headers   date: 'Wed, 23 Nov 2016 21:19:23 GMT',
135 verbose headers   via: '1.1 varnish',
135 verbose headers   age: '1',
135 verbose headers   connection: 'keep-alive',
135 verbose headers   'x-served-by': 'cache-iad2635-IAD',
135 verbose headers   'x-cache': 'HIT',
135 verbose headers   'x-cache-hits': '2',
135 verbose headers   'x-timer': 'S1479935963.507504,VS0,VE0',
135 verbose headers   vary: 'Accept-Encoding' }
136 silly get cb [ 200,
136 silly get   { server: 'nginx/1.10.1',
136 silly get     'content-type': 'application/json',
136 silly get     'last-modified': 'Wed, 23 Nov 2016 14:24:03 GMT',
136 silly get     etag: 'W/"5835a683-fbd9"',
136 silly get     'content-encoding': 'gzip',
136 silly get     'cache-control': 'max-age=300',
136 silly get     'content-length': '12255',
136 silly get     'accept-ranges': 'bytes',
136 silly get     date: 'Wed, 23 Nov 2016 21:19:23 GMT',
136 silly get     via: '1.1 varnish',
136 silly get     age: '1',
136 silly get     connection: 'keep-alive',
136 silly get     'x-served-by': 'cache-iad2635-IAD',
136 silly get     'x-cache': 'HIT',
136 silly get     'x-cache-hits': '2',
136 silly get     'x-timer': 'S1479935963.507504,VS0,VE0',
136 silly get     vary: 'Accept-Encoding' } ]
137 verbose get saving commander to /Users/tqwhite/.npm/registry.npmjs.org/commander/.cache.json
138 verbose correctMkdir /Users/tqwhite/.npm correctMkdir not in flight; initializing
139 silly resolveWithNewModule cross-spawn-async@2.2.5 checking installable status
140 silly cache add args [ 'cross-spawn-async@^2.0.0', null ]
141 verbose cache add spec cross-spawn-async@^2.0.0
142 silly cache add parsed spec Result {
142 silly cache add   raw: 'cross-spawn-async@^2.0.0',
142 silly cache add   scope: null,
142 silly cache add   name: 'cross-spawn-async',
142 silly cache add   rawSpec: '^2.0.0',
142 silly cache add   spec: '>=2.0.0 <3.0.0',
142 silly cache add   type: 'range' }
143 silly addNamed cross-spawn-async@>=2.0.0 <3.0.0
144 verbose addNamed ">=2.0.0 <3.0.0" is a valid semver range for cross-spawn-async
145 silly addNameRange { name: 'cross-spawn-async',
145 silly addNameRange   range: '>=2.0.0 <3.0.0',
145 silly addNameRange   hasData: false }
146 silly mapToRegistry name cross-spawn-async
147 silly mapToRegistry using default registry
148 silly mapToRegistry registry https://registry.npmjs.org/
149 silly mapToRegistry data Result {
149 silly mapToRegistry   raw: 'cross-spawn-async',
149 silly mapToRegistry   scope: null,
149 silly mapToRegistry   name: 'cross-spawn-async',
149 silly mapToRegistry   rawSpec: '',
149 silly mapToRegistry   spec: 'latest',
149 silly mapToRegistry   type: 'tag' }
150 silly mapToRegistry uri https://registry.npmjs.org/cross-spawn-async
151 verbose addNameRange registry:https://registry.npmjs.org/cross-spawn-async not in flight; fetching
152 silly resolveWithNewModule commander@2.9.0 checking installable status
153 silly cache add args [ 'commander@^2.8.1', null ]
154 verbose cache add spec commander@^2.8.1
155 silly cache add parsed spec Result {
155 silly cache add   raw: 'commander@^2.8.1',
155 silly cache add   scope: null,
155 silly cache add   name: 'commander',
155 silly cache add   rawSpec: '^2.8.1',
155 silly cache add   spec: '>=2.8.1 <3.0.0',
155 silly cache add   type: 'range' }
156 silly addNamed commander@>=2.8.1 <3.0.0
157 verbose addNamed ">=2.8.1 <3.0.0" is a valid semver range for commander
158 silly addNameRange { name: 'commander', range: '>=2.8.1 <3.0.0', hasData: false }
159 silly mapToRegistry name commander
160 silly mapToRegistry using default registry
161 silly mapToRegistry registry https://registry.npmjs.org/
162 silly mapToRegistry data Result {
162 silly mapToRegistry   raw: 'commander',
162 silly mapToRegistry   scope: null,
162 silly mapToRegistry   name: 'commander',
162 silly mapToRegistry   rawSpec: '',
162 silly mapToRegistry   spec: 'latest',
162 silly mapToRegistry   type: 'tag' }
163 silly mapToRegistry uri https://registry.npmjs.org/commander
164 verbose addNameRange registry:https://registry.npmjs.org/commander not in flight; fetching
165 verbose get https://registry.npmjs.org/cross-spawn-async not expired, no request
166 silly addNameRange number 2 { name: 'cross-spawn-async',
166 silly addNameRange   range: '>=2.0.0 <3.0.0',
166 silly addNameRange   hasData: true }
167 silly addNameRange versions [ 'cross-spawn-async',
167 silly addNameRange   [ '0.1.0',
167 silly addNameRange     '1.0.0',
167 silly addNameRange     '1.0.1',
167 silly addNameRange     '2.0.0',
167 silly addNameRange     '2.0.1',
167 silly addNameRange     '2.1.0',
167 silly addNameRange     '2.1.1',
167 silly addNameRange     '2.1.2',
167 silly addNameRange     '2.1.3',
167 silly addNameRange     '2.1.4',
167 silly addNameRange     '2.1.5',
167 silly addNameRange     '2.1.6',
167 silly addNameRange     '2.1.7',
167 silly addNameRange     '2.1.8',
167 silly addNameRange     '2.1.9',
167 silly addNameRange     '2.2.0',
167 silly addNameRange     '2.2.1',
167 silly addNameRange     '2.2.2',
167 silly addNameRange     '2.2.3',
167 silly addNameRange     '2.2.4',
167 silly addNameRange     '2.2.5' ] ]
168 silly addNamed cross-spawn-async@2.2.5
169 verbose addNamed "2.2.5" is a plain semver version for cross-spawn-async
170 verbose get https://registry.npmjs.org/commander not expired, no request
171 silly addNameRange number 2 { name: 'commander', range: '>=2.8.1 <3.0.0', hasData: true }
172 silly addNameRange versions [ 'commander',
172 silly addNameRange   [ '0.0.1',
172 silly addNameRange     '0.0.3',
172 silly addNameRange     '0.0.4',
172 silly addNameRange     '0.0.5',
172 silly addNameRange     '0.1.0',
172 silly addNameRange     '0.2.0',
172 silly addNameRange     '0.2.1',
172 silly addNameRange     '0.3.0',
172 silly addNameRange     '0.3.1',
172 silly addNameRange     '0.3.2',
172 silly addNameRange     '0.3.3',
172 silly addNameRange     '0.4.0',
172 silly addNameRange     '0.4.1',
172 silly addNameRange     '0.4.2',
172 silly addNameRange     '0.4.3',
172 silly addNameRange     '0.5.0',
172 silly addNameRange     '0.5.1',
172 silly addNameRange     '0.6.0',
172 silly addNameRange     '0.6.1',
172 silly addNameRange     '0.5.2',
172 silly addNameRange     '1.0.0',
172 silly addNameRange     '1.0.1',
172 silly addNameRange     '1.0.2',
172 silly addNameRange     '1.0.3',
172 silly addNameRange     '1.0.4',
172 silly addNameRange     '1.0.5',
172 silly addNameRange     '1.1.0',
172 silly addNameRange     '1.1.1',
172 silly addNameRange     '1.2.0',
172 silly addNameRange     '1.3.0',
172 silly addNameRange     '1.3.1',
172 silly addNameRange     '1.3.2',
172 silly addNameRange     '2.0.0',
172 silly addNameRange     '2.1.0',
172 silly addNameRange     '2.2.0',
172 silly addNameRange     '2.3.0',
172 silly addNameRange     '2.4.0',
172 silly addNameRange     '2.5.0',
172 silly addNameRange     '2.5.1',
172 silly addNameRange     '2.6.0',
172 silly addNameRange     '2.7.0',
172 silly addNameRange     '2.7.1',
172 silly addNameRange     '2.8.0',
172 silly addNameRange     '2.8.1',
172 silly addNameRange     '2.9.0' ] ]
173 silly addNamed commander@2.9.0
174 verbose addNamed "2.9.0" is a plain semver version for commander
175 silly cache afterAdd cross-spawn-async@2.2.5
176 verbose afterAdd /Users/tqwhite/.npm/cross-spawn-async/2.2.5/package/package.json not in flight; writing
177 verbose correctMkdir /Users/tqwhite/.npm correctMkdir not in flight; initializing
178 silly cache afterAdd commander@2.9.0
179 verbose afterAdd /Users/tqwhite/.npm/commander/2.9.0/package/package.json not in flight; writing
180 verbose correctMkdir /Users/tqwhite/.npm correctMkdir not in flight; initializing
181 verbose afterAdd /Users/tqwhite/.npm/cross-spawn-async/2.2.5/package/package.json written
182 verbose afterAdd /Users/tqwhite/.npm/commander/2.9.0/package/package.json written
183 http 200 https://registry.npmjs.org/q
184 verbose headers { server: 'CouchDB/1.5.0 (Erlang OTP/R16B03)',
184 verbose headers   'content-type': 'application/json',
184 verbose headers   etag: '"582b57cf-2388e"',
184 verbose headers   'content-encoding': 'gzip',
184 verbose headers   'cache-control': 'max-age=300',
184 verbose headers   'content-length': '23362',
184 verbose headers   'accept-ranges': 'bytes',
184 verbose headers   date: 'Wed, 23 Nov 2016 21:19:23 GMT',
184 verbose headers   via: '1.1 varnish',
184 verbose headers   age: '174',
184 verbose headers   connection: 'keep-alive',
184 verbose headers   'x-served-by': 'cache-iad2120-IAD',
184 verbose headers   'x-cache': 'HIT',
184 verbose headers   'x-cache-hits': '4508',
184 verbose headers   'x-timer': 'S1479935963.511201,VS0,VE0',
184 verbose headers   vary: 'Accept-Encoding' }
185 silly get cb [ 200,
185 silly get   { server: 'CouchDB/1.5.0 (Erlang OTP/R16B03)',
185 silly get     'content-type': 'application/json',
185 silly get     etag: '"582b57cf-2388e"',
185 silly get     'content-encoding': 'gzip',
185 silly get     'cache-control': 'max-age=300',
185 silly get     'content-length': '23362',
185 silly get     'accept-ranges': 'bytes',
185 silly get     date: 'Wed, 23 Nov 2016 21:19:23 GMT',
185 silly get     via: '1.1 varnish',
185 silly get     age: '174',
185 silly get     connection: 'keep-alive',
185 silly get     'x-served-by': 'cache-iad2120-IAD',
185 silly get     'x-cache': 'HIT',
185 silly get     'x-cache-hits': '4508',
185 silly get     'x-timer': 'S1479935963.511201,VS0,VE0',
185 silly get     vary: 'Accept-Encoding' } ]
186 verbose get saving q to /Users/tqwhite/.npm/registry.npmjs.org/q/.cache.json
187 verbose correctMkdir /Users/tqwhite/.npm correctMkdir not in flight; initializing
188 silly resolveWithNewModule q@1.4.1 checking installable status
189 silly cache add args [ 'q@^1.4.1', null ]
190 verbose cache add spec q@^1.4.1
191 silly cache add parsed spec Result {
191 silly cache add   raw: 'q@^1.4.1',
191 silly cache add   scope: null,
191 silly cache add   name: 'q',
191 silly cache add   rawSpec: '^1.4.1',
191 silly cache add   spec: '>=1.4.1 <2.0.0',
191 silly cache add   type: 'range' }
192 silly addNamed q@>=1.4.1 <2.0.0
193 verbose addNamed ">=1.4.1 <2.0.0" is a valid semver range for q
194 silly addNameRange { name: 'q', range: '>=1.4.1 <2.0.0', hasData: false }
195 silly mapToRegistry name q
196 silly mapToRegistry using default registry
197 silly mapToRegistry registry https://registry.npmjs.org/
198 silly mapToRegistry data Result {
198 silly mapToRegistry   raw: 'q',
198 silly mapToRegistry   scope: null,
198 silly mapToRegistry   name: 'q',
198 silly mapToRegistry   rawSpec: '',
198 silly mapToRegistry   spec: 'latest',
198 silly mapToRegistry   type: 'tag' }
199 silly mapToRegistry uri https://registry.npmjs.org/q
200 verbose addNameRange registry:https://registry.npmjs.org/q not in flight; fetching
201 verbose get https://registry.npmjs.org/q not expired, no request
202 silly addNameRange number 2 { name: 'q', range: '>=1.4.1 <2.0.0', hasData: true }
203 silly addNameRange versions [ 'q',
203 silly addNameRange   [ '0.0.0',
203 silly addNameRange     '0.0.1',
203 silly addNameRange     '0.0.2',
203 silly addNameRange     '0.0.3',
203 silly addNameRange     '0.1.0',
203 silly addNameRange     '0.1.1',
203 silly addNameRange     '0.1.2',
203 silly addNameRange     '0.1.3',
203 silly addNameRange     '0.1.4',
203 silly addNameRange     '0.1.5',
203 silly addNameRange     '0.1.6',
203 silly addNameRange     '0.1.7',
203 silly addNameRange     '0.1.8',
203 silly addNameRange     '0.1.9',
203 silly addNameRange     '0.2.0-rc1',
203 silly addNameRange     '0.2.0',
203 silly addNameRange     '0.2.1',
203 silly addNameRange     '0.2.2',
203 silly addNameRange     '0.2.3',
203 silly addNameRange     '0.2.4',
203 silly addNameRange     '0.2.5',
203 silly addNameRange     '0.2.6',
203 silly addNameRange     '0.2.7',
203 silly addNameRange     '0.2.8',
203 silly addNameRange     '0.2.9',
203 silly addNameRange     '0.3.0',
203 silly addNameRange     '0.2.10',
203 silly addNameRange     '0.4.0',
203 silly addNameRange     '0.4.1',
203 silly addNameRange     '0.4.2',
203 silly addNameRange     '0.4.4',
203 silly addNameRange     '0.5.0',
203 silly addNameRange     '0.5.1',
203 silly addNameRange     '0.5.2',
203 silly addNameRange     '0.5.3',
203 silly addNameRange     '0.6.0',
203 silly addNameRange     '0.7.0',
203 silly addNameRange     '0.7.1',
203 silly addNameRange     '0.7.2',
203 silly addNameRange     '0.8.0',
203 silly addNameRange     '0.8.1',
203 silly addNameRange     '0.8.2',
203 silly addNameRange     '0.8.3',
203 silly addNameRange     '0.8.4',
203 silly addNameRange     '0.8.5',
203 silly addNameRange     '0.8.6',
203 silly addNameRange     '0.8.7',
203 silly addNameRange     '0.8.8',
203 silly addNameRange     '0.8.9',
203 silly addNameRange     '0.8.10',
203 silly addNameRange     '0.8.11',
203 silly addNameRange     '0.8.12',
203 silly addNameRange     '0.9.0',
203 silly addNameRange     '0.9.1',
203 silly addNameRange     '0.9.2',
203 silly addNameRange     '0.9.3',
203 silly addNameRange     '0.9.4',
203 silly addNameRange     '0.9.5',
203 silly addNameRange     '0.9.6',
203 silly addNameRange     '0.9.7',
203 silly addNameRange     '1.0.0',
203 silly addNameRange     '1.0.1',
203 silly addNameRange     '2.0.0',
203 silly addNameRange     '2.0.1',
203 silly addNameRange     '2.0.2',
203 silly addNameRange     '1.1.0',
203 silly addNameRange     '1.1.1',
203 silly addNameRange     '1.1.2',
203 silly addNameRange     '2.0.3',
203 silly addNameRange     '1.2.0',
203 silly addNameRange     '1.2.1',
203 silly addNameRange     '1.3.0',
203 silly addNameRange     '1.4.0',
203 silly addNameRange     '1.4.1' ] ]
204 silly addNamed q@1.4.1
205 verbose addNamed "1.4.1" is a plain semver version for q
206 silly cache afterAdd q@1.4.1
207 verbose afterAdd /Users/tqwhite/.npm/q/1.4.1/package/package.json not in flight; writing
208 verbose correctMkdir /Users/tqwhite/.npm correctMkdir not in flight; initializing
209 verbose afterAdd /Users/tqwhite/.npm/q/1.4.1/package/package.json written
210 silly fetchNamedPackageData ansi-styles
211 silly mapToRegistry name ansi-styles
212 silly mapToRegistry using default registry
213 silly mapToRegistry registry https://registry.npmjs.org/
214 silly mapToRegistry data Result {
214 silly mapToRegistry   raw: 'ansi-styles',
214 silly mapToRegistry   scope: null,
214 silly mapToRegistry   name: 'ansi-styles',
214 silly mapToRegistry   rawSpec: '',
214 silly mapToRegistry   spec: 'latest',
214 silly mapToRegistry   type: 'tag' }
215 silly mapToRegistry uri https://registry.npmjs.org/ansi-styles
216 silly fetchNamedPackageData escape-string-regexp
217 silly mapToRegistry name escape-string-regexp
218 silly mapToRegistry using default registry
219 silly mapToRegistry registry https://registry.npmjs.org/
220 silly mapToRegistry data Result {
220 silly mapToRegistry   raw: 'escape-string-regexp',
220 silly mapToRegistry   scope: null,
220 silly mapToRegistry   name: 'escape-string-regexp',
220 silly mapToRegistry   rawSpec: '',
220 silly mapToRegistry   spec: 'latest',
220 silly mapToRegistry   type: 'tag' }
221 silly mapToRegistry uri https://registry.npmjs.org/escape-string-regexp
222 silly fetchNamedPackageData has-ansi
223 silly mapToRegistry name has-ansi
224 silly mapToRegistry using default registry
225 silly mapToRegistry registry https://registry.npmjs.org/
226 silly mapToRegistry data Result {
226 silly mapToRegistry   raw: 'has-ansi',
226 silly mapToRegistry   scope: null,
226 silly mapToRegistry   name: 'has-ansi',
226 silly mapToRegistry   rawSpec: '',
226 silly mapToRegistry   spec: 'latest',
226 silly mapToRegistry   type: 'tag' }
227 silly mapToRegistry uri https://registry.npmjs.org/has-ansi
228 silly fetchNamedPackageData strip-ansi
229 silly mapToRegistry name strip-ansi
230 silly mapToRegistry using default registry
231 silly mapToRegistry registry https://registry.npmjs.org/
232 silly mapToRegistry data Result {
232 silly mapToRegistry   raw: 'strip-ansi',
232 silly mapToRegistry   scope: null,
232 silly mapToRegistry   name: 'strip-ansi',
232 silly mapToRegistry   rawSpec: '',
232 silly mapToRegistry   spec: 'latest',
232 silly mapToRegistry   type: 'tag' }
233 silly mapToRegistry uri https://registry.npmjs.org/strip-ansi
234 silly fetchNamedPackageData supports-color
235 silly mapToRegistry name supports-color
236 silly mapToRegistry using default registry
237 silly mapToRegistry registry https://registry.npmjs.org/
238 silly mapToRegistry data Result {
238 silly mapToRegistry   raw: 'supports-color',
238 silly mapToRegistry   scope: null,
238 silly mapToRegistry   name: 'supports-color',
238 silly mapToRegistry   rawSpec: '',
238 silly mapToRegistry   spec: 'latest',
238 silly mapToRegistry   type: 'tag' }
239 silly mapToRegistry uri https://registry.npmjs.org/supports-color
240 verbose request uri https://registry.npmjs.org/ansi-styles
241 verbose request no auth needed
242 info attempt registry request try #1 at 3:19:23 PM
243 verbose etag "76ES1TUYWN7AJHH27ODL8P5VN"
244 http request GET https://registry.npmjs.org/ansi-styles
245 verbose request uri https://registry.npmjs.org/escape-string-regexp
246 verbose request no auth needed
247 info attempt registry request try #1 at 3:19:23 PM
248 verbose etag "7FR9NRVLQZ19IM9FJ89UGKL4F"
249 http request GET https://registry.npmjs.org/escape-string-regexp
250 verbose request uri https://registry.npmjs.org/has-ansi
251 verbose request no auth needed
252 info attempt registry request try #1 at 3:19:23 PM
253 verbose etag "DGXNIUSOJ6YN8ST2FGYU5Y99E"
254 http request GET https://registry.npmjs.org/has-ansi
255 verbose request uri https://registry.npmjs.org/strip-ansi
256 verbose request no auth needed
257 info attempt registry request try #1 at 3:19:23 PM
258 verbose etag "6YJ41I8XAQTQG1S1QOA2N3LJ3"
259 http request GET https://registry.npmjs.org/strip-ansi
260 verbose request uri https://registry.npmjs.org/supports-color
261 verbose request no auth needed
262 info attempt registry request try #1 at 3:19:23 PM
263 verbose etag "C9WZHHZJNHHTQJIQCYMZPJ0U8"
264 http request GET https://registry.npmjs.org/supports-color
265 http 200 https://registry.npmjs.org/ansi-styles
266 verbose headers { server: 'nginx/1.10.1',
266 verbose headers   'content-type': 'application/json',
266 verbose headers   'last-modified': 'Sat, 01 Oct 2016 23:17:23 GMT',
266 verbose headers   etag: 'W/"57f04403-39d2"',
266 verbose headers   'content-encoding': 'gzip',
266 verbose headers   'cache-control': 'max-age=300',
266 verbose headers   'content-length': '2592',
266 verbose headers   'accept-ranges': 'bytes',
266 verbose headers   date: 'Wed, 23 Nov 2016 21:19:23 GMT',
266 verbose headers   via: '1.1 varnish',
266 verbose headers   age: '248',
266 verbose headers   connection: 'keep-alive',
266 verbose headers   'x-served-by': 'cache-iad2148-IAD',
266 verbose headers   'x-cache': 'HIT',
266 verbose headers   'x-cache-hits': '24',
266 verbose headers   'x-timer': 'S1479935963.657044,VS0,VE0',
266 verbose headers   vary: 'Accept-Encoding' }
267 silly get cb [ 200,
267 silly get   { server: 'nginx/1.10.1',
267 silly get     'content-type': 'application/json',
267 silly get     'last-modified': 'Sat, 01 Oct 2016 23:17:23 GMT',
267 silly get     etag: 'W/"57f04403-39d2"',
267 silly get     'content-encoding': 'gzip',
267 silly get     'cache-control': 'max-age=300',
267 silly get     'content-length': '2592',
267 silly get     'accept-ranges': 'bytes',
267 silly get     date: 'Wed, 23 Nov 2016 21:19:23 GMT',
267 silly get     via: '1.1 varnish',
267 silly get     age: '248',
267 silly get     connection: 'keep-alive',
267 silly get     'x-served-by': 'cache-iad2148-IAD',
267 silly get     'x-cache': 'HIT',
267 silly get     'x-cache-hits': '24',
267 silly get     'x-timer': 'S1479935963.657044,VS0,VE0',
267 silly get     vary: 'Accept-Encoding' } ]
268 verbose get saving ansi-styles to /Users/tqwhite/.npm/registry.npmjs.org/ansi-styles/.cache.json
269 verbose correctMkdir /Users/tqwhite/.npm correctMkdir not in flight; initializing
270 silly resolveWithNewModule ansi-styles@2.2.1 checking installable status
271 silly cache add args [ 'ansi-styles@^2.2.1', null ]
272 verbose cache add spec ansi-styles@^2.2.1
273 silly cache add parsed spec Result {
273 silly cache add   raw: 'ansi-styles@^2.2.1',
273 silly cache add   scope: null,
273 silly cache add   name: 'ansi-styles',
273 silly cache add   rawSpec: '^2.2.1',
273 silly cache add   spec: '>=2.2.1 <3.0.0',
273 silly cache add   type: 'range' }
274 silly addNamed ansi-styles@>=2.2.1 <3.0.0
275 verbose addNamed ">=2.2.1 <3.0.0" is a valid semver range for ansi-styles
276 silly addNameRange { name: 'ansi-styles', range: '>=2.2.1 <3.0.0', hasData: false }
277 silly mapToRegistry name ansi-styles
278 silly mapToRegistry using default registry
279 silly mapToRegistry registry https://registry.npmjs.org/
280 silly mapToRegistry data Result {
280 silly mapToRegistry   raw: 'ansi-styles',
280 silly mapToRegistry   scope: null,
280 silly mapToRegistry   name: 'ansi-styles',
280 silly mapToRegistry   rawSpec: '',
280 silly mapToRegistry   spec: 'latest',
280 silly mapToRegistry   type: 'tag' }
281 silly mapToRegistry uri https://registry.npmjs.org/ansi-styles
282 verbose addNameRange registry:https://registry.npmjs.org/ansi-styles not in flight; fetching
283 http 200 https://registry.npmjs.org/strip-ansi
284 verbose headers { server: 'nginx/1.10.1',
284 verbose headers   'content-type': 'application/json',
284 verbose headers   'last-modified': 'Tue, 01 Nov 2016 18:41:25 GMT',
284 verbose headers   etag: 'W/"5818e1d5-3e04"',
284 verbose headers   'content-encoding': 'gzip',
284 verbose headers   'cache-control': 'max-age=300',
284 verbose headers   'content-length': '2346',
284 verbose headers   'accept-ranges': 'bytes',
284 verbose headers   date: 'Wed, 23 Nov 2016 21:19:23 GMT',
284 verbose headers   via: '1.1 varnish',
284 verbose headers   age: '195',
284 verbose headers   connection: 'keep-alive',
284 verbose headers   'x-served-by': 'cache-iad2120-IAD',
284 verbose headers   'x-cache': 'HIT',
284 verbose headers   'x-cache-hits': '22',
284 verbose headers   'x-timer': 'S1479935963.665567,VS0,VE0',
284 verbose headers   vary: 'Accept-Encoding' }
285 silly get cb [ 200,
285 silly get   { server: 'nginx/1.10.1',
285 silly get     'content-type': 'application/json',
285 silly get     'last-modified': 'Tue, 01 Nov 2016 18:41:25 GMT',
285 silly get     etag: 'W/"5818e1d5-3e04"',
285 silly get     'content-encoding': 'gzip',
285 silly get     'cache-control': 'max-age=300',
285 silly get     'content-length': '2346',
285 silly get     'accept-ranges': 'bytes',
285 silly get     date: 'Wed, 23 Nov 2016 21:19:23 GMT',
285 silly get     via: '1.1 varnish',
285 silly get     age: '195',
285 silly get     connection: 'keep-alive',
285 silly get     'x-served-by': 'cache-iad2120-IAD',
285 silly get     'x-cache': 'HIT',
285 silly get     'x-cache-hits': '22',
285 silly get     'x-timer': 'S1479935963.665567,VS0,VE0',
285 silly get     vary: 'Accept-Encoding' } ]
286 verbose get saving strip-ansi to /Users/tqwhite/.npm/registry.npmjs.org/strip-ansi/.cache.json
287 verbose correctMkdir /Users/tqwhite/.npm correctMkdir not in flight; initializing
288 http 200 https://registry.npmjs.org/has-ansi
289 verbose headers { server: 'nginx/1.10.1',
289 verbose headers   'content-type': 'application/json',
289 verbose headers   'last-modified': 'Tue, 01 Nov 2016 17:28:24 GMT',
289 verbose headers   etag: 'W/"5818d0b8-2711"',
289 verbose headers   'content-encoding': 'gzip',
289 verbose headers   'cache-control': 'max-age=300',
289 verbose headers   'content-length': '1841',
289 verbose headers   'accept-ranges': 'bytes',
289 verbose headers   date: 'Wed, 23 Nov 2016 21:19:23 GMT',
289 verbose headers   via: '1.1 varnish',
289 verbose headers   age: '171',
289 verbose headers   connection: 'keep-alive',
289 verbose headers   'x-served-by': 'cache-iad2635-IAD',
289 verbose headers   'x-cache': 'HIT',
289 verbose headers   'x-cache-hits': '26',
289 verbose headers   'x-timer': 'S1479935963.660728,VS0,VE0',
289 verbose headers   vary: 'Accept-Encoding' }
290 silly get cb [ 200,
290 silly get   { server: 'nginx/1.10.1',
290 silly get     'content-type': 'application/json',
290 silly get     'last-modified': 'Tue, 01 Nov 2016 17:28:24 GMT',
290 silly get     etag: 'W/"5818d0b8-2711"',
290 silly get     'content-encoding': 'gzip',
290 silly get     'cache-control': 'max-age=300',
290 silly get     'content-length': '1841',
290 silly get     'accept-ranges': 'bytes',
290 silly get     date: 'Wed, 23 Nov 2016 21:19:23 GMT',
290 silly get     via: '1.1 varnish',
290 silly get     age: '171',
290 silly get     connection: 'keep-alive',
290 silly get     'x-served-by': 'cache-iad2635-IAD',
290 silly get     'x-cache': 'HIT',
290 silly get     'x-cache-hits': '26',
290 silly get     'x-timer': 'S1479935963.660728,VS0,VE0',
290 silly get     vary: 'Accept-Encoding' } ]
291 verbose get saving has-ansi to /Users/tqwhite/.npm/registry.npmjs.org/has-ansi/.cache.json
292 verbose correctMkdir /Users/tqwhite/.npm correctMkdir not in flight; initializing
293 http 200 https://registry.npmjs.org/escape-string-regexp
294 verbose headers { server: 'nginx/1.10.1',
294 verbose headers   'content-type': 'application/json',
294 verbose headers   'last-modified': 'Tue, 01 Nov 2016 17:20:42 GMT',
294 verbose headers   etag: 'W/"5818ceea-2411"',
294 verbose headers   'content-encoding': 'gzip',
294 verbose headers   'cache-control': 'max-age=300',
294 verbose headers   'content-length': '1716',
294 verbose headers   'accept-ranges': 'bytes',
294 verbose headers   date: 'Wed, 23 Nov 2016 21:19:23 GMT',
294 verbose headers   via: '1.1 varnish',
294 verbose headers   age: '265',
294 verbose headers   connection: 'keep-alive',
294 verbose headers   'x-served-by': 'cache-iad2127-IAD',
294 verbose headers   'x-cache': 'HIT',
294 verbose headers   'x-cache-hits': '33',
294 verbose headers   'x-timer': 'S1479935963.661935,VS0,VE0',
294 verbose headers   vary: 'Accept-Encoding' }
295 silly get cb [ 200,
295 silly get   { server: 'nginx/1.10.1',
295 silly get     'content-type': 'application/json',
295 silly get     'last-modified': 'Tue, 01 Nov 2016 17:20:42 GMT',
295 silly get     etag: 'W/"5818ceea-2411"',
295 silly get     'content-encoding': 'gzip',
295 silly get     'cache-control': 'max-age=300',
295 silly get     'content-length': '1716',
295 silly get     'accept-ranges': 'bytes',
295 silly get     date: 'Wed, 23 Nov 2016 21:19:23 GMT',
295 silly get     via: '1.1 varnish',
295 silly get     age: '265',
295 silly get     connection: 'keep-alive',
295 silly get     'x-served-by': 'cache-iad2127-IAD',
295 silly get     'x-cache': 'HIT',
295 silly get     'x-cache-hits': '33',
295 silly get     'x-timer': 'S1479935963.661935,VS0,VE0',
295 silly get     vary: 'Accept-Encoding' } ]
296 verbose get saving escape-string-regexp to /Users/tqwhite/.npm/registry.npmjs.org/escape-string-regexp/.cache.json
297 verbose correctMkdir /Users/tqwhite/.npm correctMkdir not in flight; initializing
298 verbose get https://registry.npmjs.org/ansi-styles not expired, no request
299 silly addNameRange number 2 { name: 'ansi-styles', range: '>=2.2.1 <3.0.0', hasData: true }
300 silly addNameRange versions [ 'ansi-styles',
300 silly addNameRange   [ '0.1.0',
300 silly addNameRange     '0.1.1',
300 silly addNameRange     '0.1.2',
300 silly addNameRange     '0.2.0',
300 silly addNameRange     '1.0.0',
300 silly addNameRange     '1.1.0',
300 silly addNameRange     '2.0.0',
300 silly addNameRange     '2.0.1',
300 silly addNameRange     '2.1.0',
300 silly addNameRange     '2.2.1' ] ]
301 silly addNamed ansi-styles@2.2.1
302 verbose addNamed "2.2.1" is a plain semver version for ansi-styles
303 silly cache afterAdd ansi-styles@2.2.1
304 verbose afterAdd /Users/tqwhite/.npm/ansi-styles/2.2.1/package/package.json not in flight; writing
305 verbose correctMkdir /Users/tqwhite/.npm correctMkdir not in flight; initializing
306 silly resolveWithNewModule has-ansi@2.0.0 checking installable status
307 silly cache add args [ 'has-ansi@^2.0.0', null ]
308 verbose cache add spec has-ansi@^2.0.0
309 silly cache add parsed spec Result {
309 silly cache add   raw: 'has-ansi@^2.0.0',
309 silly cache add   scope: null,
309 silly cache add   name: 'has-ansi',
309 silly cache add   rawSpec: '^2.0.0',
309 silly cache add   spec: '>=2.0.0 <3.0.0',
309 silly cache add   type: 'range' }
310 silly addNamed has-ansi@>=2.0.0 <3.0.0
311 verbose addNamed ">=2.0.0 <3.0.0" is a valid semver range for has-ansi
312 silly addNameRange { name: 'has-ansi', range: '>=2.0.0 <3.0.0', hasData: false }
313 silly mapToRegistry name has-ansi
314 silly mapToRegistry using default registry
315 silly mapToRegistry registry https://registry.npmjs.org/
316 silly mapToRegistry data Result {
316 silly mapToRegistry   raw: 'has-ansi',
316 silly mapToRegistry   scope: null,
316 silly mapToRegistry   name: 'has-ansi',
316 silly mapToRegistry   rawSpec: '',
316 silly mapToRegistry   spec: 'latest',
316 silly mapToRegistry   type: 'tag' }
317 silly mapToRegistry uri https://registry.npmjs.org/has-ansi
318 verbose addNameRange registry:https://registry.npmjs.org/has-ansi not in flight; fetching
319 silly resolveWithNewModule escape-string-regexp@1.0.5 checking installable status
320 silly cache add args [ 'escape-string-regexp@^1.0.2', null ]
321 verbose cache add spec escape-string-regexp@^1.0.2
322 silly cache add parsed spec Result {
322 silly cache add   raw: 'escape-string-regexp@^1.0.2',
322 silly cache add   scope: null,
322 silly cache add   name: 'escape-string-regexp',
322 silly cache add   rawSpec: '^1.0.2',
322 silly cache add   spec: '>=1.0.2 <2.0.0',
322 silly cache add   type: 'range' }
323 silly addNamed escape-string-regexp@>=1.0.2 <2.0.0
324 verbose addNamed ">=1.0.2 <2.0.0" is a valid semver range for escape-string-regexp
325 silly addNameRange { name: 'escape-string-regexp',
325 silly addNameRange   range: '>=1.0.2 <2.0.0',
325 silly addNameRange   hasData: false }
326 silly mapToRegistry name escape-string-regexp
327 silly mapToRegistry using default registry
328 silly mapToRegistry registry https://registry.npmjs.org/
329 silly mapToRegistry data Result {
329 silly mapToRegistry   raw: 'escape-string-regexp',
329 silly mapToRegistry   scope: null,
329 silly mapToRegistry   name: 'escape-string-regexp',
329 silly mapToRegistry   rawSpec: '',
329 silly mapToRegistry   spec: 'latest',
329 silly mapToRegistry   type: 'tag' }
330 silly mapToRegistry uri https://registry.npmjs.org/escape-string-regexp
331 verbose addNameRange registry:https://registry.npmjs.org/escape-string-regexp not in flight; fetching
332 silly resolveWithNewModule strip-ansi@3.0.1 checking installable status
333 silly cache add args [ 'strip-ansi@^3.0.0', null ]
334 verbose cache add spec strip-ansi@^3.0.0
335 silly cache add parsed spec Result {
335 silly cache add   raw: 'strip-ansi@^3.0.0',
335 silly cache add   scope: null,
335 silly cache add   name: 'strip-ansi',
335 silly cache add   rawSpec: '^3.0.0',
335 silly cache add   spec: '>=3.0.0 <4.0.0',
335 silly cache add   type: 'range' }
336 silly addNamed strip-ansi@>=3.0.0 <4.0.0
337 verbose addNamed ">=3.0.0 <4.0.0" is a valid semver range for strip-ansi
338 silly addNameRange { name: 'strip-ansi', range: '>=3.0.0 <4.0.0', hasData: false }
339 silly mapToRegistry name strip-ansi
340 silly mapToRegistry using default registry
341 silly mapToRegistry registry https://registry.npmjs.org/
342 silly mapToRegistry data Result {
342 silly mapToRegistry   raw: 'strip-ansi',
342 silly mapToRegistry   scope: null,
342 silly mapToRegistry   name: 'strip-ansi',
342 silly mapToRegistry   rawSpec: '',
342 silly mapToRegistry   spec: 'latest',
342 silly mapToRegistry   type: 'tag' }
343 silly mapToRegistry uri https://registry.npmjs.org/strip-ansi
344 verbose addNameRange registry:https://registry.npmjs.org/strip-ansi not in flight; fetching
345 verbose get https://registry.npmjs.org/has-ansi not expired, no request
346 silly addNameRange number 2 { name: 'has-ansi', range: '>=2.0.0 <3.0.0', hasData: true }
347 silly addNameRange versions [ 'has-ansi',
347 silly addNameRange   [ '0.1.0', '1.0.0', '1.0.1', '1.0.2', '1.0.3', '2.0.0' ] ]
348 silly addNamed has-ansi@2.0.0
349 verbose addNamed "2.0.0" is a plain semver version for has-ansi
350 verbose get https://registry.npmjs.org/escape-string-regexp not expired, no request
351 silly addNameRange number 2 { name: 'escape-string-regexp',
351 silly addNameRange   range: '>=1.0.2 <2.0.0',
351 silly addNameRange   hasData: true }
352 silly addNameRange versions [ 'escape-string-regexp',
352 silly addNameRange   [ '1.0.0', '1.0.1', '1.0.2', '1.0.3', '1.0.4', '1.0.5' ] ]
353 silly addNamed escape-string-regexp@1.0.5
354 verbose addNamed "1.0.5" is a plain semver version for escape-string-regexp
355 verbose get https://registry.npmjs.org/strip-ansi not expired, no request
356 silly addNameRange number 2 { name: 'strip-ansi', range: '>=3.0.0 <4.0.0', hasData: true }
357 silly addNameRange versions [ 'strip-ansi',
357 silly addNameRange   [ '0.1.0',
357 silly addNameRange     '0.1.1',
357 silly addNameRange     '0.2.0',
357 silly addNameRange     '0.2.1',
357 silly addNameRange     '0.2.2',
357 silly addNameRange     '0.3.0',
357 silly addNameRange     '1.0.0',
357 silly addNameRange     '2.0.0',
357 silly addNameRange     '2.0.1',
357 silly addNameRange     '3.0.0',
357 silly addNameRange     '3.0.1' ] ]
358 silly addNamed strip-ansi@3.0.1
359 verbose addNamed "3.0.1" is a plain semver version for strip-ansi
360 verbose afterAdd /Users/tqwhite/.npm/ansi-styles/2.2.1/package/package.json written
361 silly cache afterAdd has-ansi@2.0.0
362 verbose afterAdd /Users/tqwhite/.npm/has-ansi/2.0.0/package/package.json not in flight; writing
363 verbose correctMkdir /Users/tqwhite/.npm correctMkdir not in flight; initializing
364 silly cache afterAdd escape-string-regexp@1.0.5
365 verbose afterAdd /Users/tqwhite/.npm/escape-string-regexp/1.0.5/package/package.json not in flight; writing
366 verbose correctMkdir /Users/tqwhite/.npm correctMkdir not in flight; initializing
367 silly cache afterAdd strip-ansi@3.0.1
368 verbose afterAdd /Users/tqwhite/.npm/strip-ansi/3.0.1/package/package.json not in flight; writing
369 verbose correctMkdir /Users/tqwhite/.npm correctMkdir not in flight; initializing
370 verbose afterAdd /Users/tqwhite/.npm/has-ansi/2.0.0/package/package.json written
371 verbose afterAdd /Users/tqwhite/.npm/escape-string-regexp/1.0.5/package/package.json written
372 verbose afterAdd /Users/tqwhite/.npm/strip-ansi/3.0.1/package/package.json written
373 http 200 https://registry.npmjs.org/supports-color
374 verbose headers { server: 'nginx/1.10.1',
374 verbose headers   'content-type': 'application/json',
374 verbose headers   'last-modified': 'Tue, 01 Nov 2016 18:41:50 GMT',
374 verbose headers   etag: 'W/"5818e1ee-4fa0"',
374 verbose headers   'content-encoding': 'gzip',
374 verbose headers   'cache-control': 'max-age=300',
374 verbose headers   'content-length': '2889',
374 verbose headers   'accept-ranges': 'bytes',
374 verbose headers   date: 'Wed, 23 Nov 2016 21:19:23 GMT',
374 verbose headers   via: '1.1 varnish',
374 verbose headers   age: '3',
374 verbose headers   connection: 'keep-alive',
374 verbose headers   'x-served-by': 'cache-iad2624-IAD',
374 verbose headers   'x-cache': 'HIT',
374 verbose headers   'x-cache-hits': '1',
374 verbose headers   'x-timer': 'S1479935963.766317,VS0,VE0',
374 verbose headers   vary: 'Accept-Encoding' }
375 silly get cb [ 200,
375 silly get   { server: 'nginx/1.10.1',
375 silly get     'content-type': 'application/json',
375 silly get     'last-modified': 'Tue, 01 Nov 2016 18:41:50 GMT',
375 silly get     etag: 'W/"5818e1ee-4fa0"',
375 silly get     'content-encoding': 'gzip',
375 silly get     'cache-control': 'max-age=300',
375 silly get     'content-length': '2889',
375 silly get     'accept-ranges': 'bytes',
375 silly get     date: 'Wed, 23 Nov 2016 21:19:23 GMT',
375 silly get     via: '1.1 varnish',
375 silly get     age: '3',
375 silly get     connection: 'keep-alive',
375 silly get     'x-served-by': 'cache-iad2624-IAD',
375 silly get     'x-cache': 'HIT',
375 silly get     'x-cache-hits': '1',
375 silly get     'x-timer': 'S1479935963.766317,VS0,VE0',
375 silly get     vary: 'Accept-Encoding' } ]
376 verbose get saving supports-color to /Users/tqwhite/.npm/registry.npmjs.org/supports-color/.cache.json
377 verbose correctMkdir /Users/tqwhite/.npm correctMkdir not in flight; initializing
378 silly resolveWithNewModule supports-color@2.0.0 checking installable status
379 silly cache add args [ 'supports-color@^2.0.0', null ]
380 verbose cache add spec supports-color@^2.0.0
381 silly cache add parsed spec Result {
381 silly cache add   raw: 'supports-color@^2.0.0',
381 silly cache add   scope: null,
381 silly cache add   name: 'supports-color',
381 silly cache add   rawSpec: '^2.0.0',
381 silly cache add   spec: '>=2.0.0 <3.0.0',
381 silly cache add   type: 'range' }
382 silly addNamed supports-color@>=2.0.0 <3.0.0
383 verbose addNamed ">=2.0.0 <3.0.0" is a valid semver range for supports-color
384 silly addNameRange { name: 'supports-color',
384 silly addNameRange   range: '>=2.0.0 <3.0.0',
384 silly addNameRange   hasData: false }
385 silly mapToRegistry name supports-color
386 silly mapToRegistry using default registry
387 silly mapToRegistry registry https://registry.npmjs.org/
388 silly mapToRegistry data Result {
388 silly mapToRegistry   raw: 'supports-color',
388 silly mapToRegistry   scope: null,
388 silly mapToRegistry   name: 'supports-color',
388 silly mapToRegistry   rawSpec: '',
388 silly mapToRegistry   spec: 'latest',
388 silly mapToRegistry   type: 'tag' }
389 silly mapToRegistry uri https://registry.npmjs.org/supports-color
390 verbose addNameRange registry:https://registry.npmjs.org/supports-color not in flight; fetching
391 verbose get https://registry.npmjs.org/supports-color not expired, no request
392 silly addNameRange number 2 { name: 'supports-color',
392 silly addNameRange   range: '>=2.0.0 <3.0.0',
392 silly addNameRange   hasData: true }
393 silly addNameRange versions [ 'supports-color',
393 silly addNameRange   [ '0.2.0',
393 silly addNameRange     '1.0.0',
393 silly addNameRange     '1.1.0',
393 silly addNameRange     '1.2.0',
393 silly addNameRange     '1.2.1',
393 silly addNameRange     '1.3.0',
393 silly addNameRange     '1.3.1',
393 silly addNameRange     '2.0.0',
393 silly addNameRange     '3.0.0',
393 silly addNameRange     '3.0.1',
393 silly addNameRange     '3.1.0',
393 silly addNameRange     '3.1.1',
393 silly addNameRange     '3.1.2' ] ]
394 silly addNamed supports-color@2.0.0
395 verbose addNamed "2.0.0" is a plain semver version for supports-color
396 silly cache afterAdd supports-color@2.0.0
397 verbose afterAdd /Users/tqwhite/.npm/supports-color/2.0.0/package/package.json not in flight; writing
398 verbose correctMkdir /Users/tqwhite/.npm correctMkdir not in flight; initializing
399 verbose afterAdd /Users/tqwhite/.npm/supports-color/2.0.0/package/package.json written
400 silly fetchNamedPackageData ansi-regex
401 silly mapToRegistry name ansi-regex
402 silly mapToRegistry using default registry
403 silly mapToRegistry registry https://registry.npmjs.org/
404 silly mapToRegistry data Result {
404 silly mapToRegistry   raw: 'ansi-regex',
404 silly mapToRegistry   scope: null,
404 silly mapToRegistry   name: 'ansi-regex',
404 silly mapToRegistry   rawSpec: '',
404 silly mapToRegistry   spec: 'latest',
404 silly mapToRegistry   type: 'tag' }
405 silly mapToRegistry uri https://registry.npmjs.org/ansi-regex
406 verbose request uri https://registry.npmjs.org/ansi-regex
407 verbose request no auth needed
408 info attempt registry request try #1 at 3:19:23 PM
409 verbose etag "4JAFIY1S1DCJVKZYZIRF9G14E"
410 http request GET https://registry.npmjs.org/ansi-regex
411 http 200 https://registry.npmjs.org/ansi-regex
412 verbose headers { server: 'nginx/1.10.1',
412 verbose headers   'content-type': 'application/json',
412 verbose headers   'last-modified': 'Wed, 19 Oct 2016 10:07:00 GMT',
412 verbose headers   etag: 'W/"580745c4-2987"',
412 verbose headers   'content-encoding': 'gzip',
412 verbose headers   'cache-control': 'max-age=300',
412 verbose headers   'content-length': '1713',
412 verbose headers   'accept-ranges': 'bytes',
412 verbose headers   date: 'Wed, 23 Nov 2016 21:19:23 GMT',
412 verbose headers   via: '1.1 varnish',
412 verbose headers   age: '159',
412 verbose headers   connection: 'keep-alive',
412 verbose headers   'x-served-by': 'cache-iad2148-IAD',
412 verbose headers   'x-cache': 'HIT',
412 verbose headers   'x-cache-hits': '20',
412 verbose headers   'x-timer': 'S1479935963.858762,VS0,VE0',
412 verbose headers   vary: 'Accept-Encoding' }
413 silly get cb [ 200,
413 silly get   { server: 'nginx/1.10.1',
413 silly get     'content-type': 'application/json',
413 silly get     'last-modified': 'Wed, 19 Oct 2016 10:07:00 GMT',
413 silly get     etag: 'W/"580745c4-2987"',
413 silly get     'content-encoding': 'gzip',
413 silly get     'cache-control': 'max-age=300',
413 silly get     'content-length': '1713',
413 silly get     'accept-ranges': 'bytes',
413 silly get     date: 'Wed, 23 Nov 2016 21:19:23 GMT',
413 silly get     via: '1.1 varnish',
413 silly get     age: '159',
413 silly get     connection: 'keep-alive',
413 silly get     'x-served-by': 'cache-iad2148-IAD',
413 silly get     'x-cache': 'HIT',
413 silly get     'x-cache-hits': '20',
413 silly get     'x-timer': 'S1479935963.858762,VS0,VE0',
413 silly get     vary: 'Accept-Encoding' } ]
414 verbose get saving ansi-regex to /Users/tqwhite/.npm/registry.npmjs.org/ansi-regex/.cache.json
415 verbose correctMkdir /Users/tqwhite/.npm correctMkdir not in flight; initializing
416 silly resolveWithNewModule ansi-regex@2.0.0 checking installable status
417 silly cache add args [ 'ansi-regex@^2.0.0', null ]
418 verbose cache add spec ansi-regex@^2.0.0
419 silly cache add parsed spec Result {
419 silly cache add   raw: 'ansi-regex@^2.0.0',
419 silly cache add   scope: null,
419 silly cache add   name: 'ansi-regex',
419 silly cache add   rawSpec: '^2.0.0',
419 silly cache add   spec: '>=2.0.0 <3.0.0',
419 silly cache add   type: 'range' }
420 silly addNamed ansi-regex@>=2.0.0 <3.0.0
421 verbose addNamed ">=2.0.0 <3.0.0" is a valid semver range for ansi-regex
422 silly addNameRange { name: 'ansi-regex', range: '>=2.0.0 <3.0.0', hasData: false }
423 silly mapToRegistry name ansi-regex
424 silly mapToRegistry using default registry
425 silly mapToRegistry registry https://registry.npmjs.org/
426 silly mapToRegistry data Result {
426 silly mapToRegistry   raw: 'ansi-regex',
426 silly mapToRegistry   scope: null,
426 silly mapToRegistry   name: 'ansi-regex',
426 silly mapToRegistry   rawSpec: '',
426 silly mapToRegistry   spec: 'latest',
426 silly mapToRegistry   type: 'tag' }
427 silly mapToRegistry uri https://registry.npmjs.org/ansi-regex
428 verbose addNameRange registry:https://registry.npmjs.org/ansi-regex not in flight; fetching
429 verbose get https://registry.npmjs.org/ansi-regex not expired, no request
430 silly addNameRange number 2 { name: 'ansi-regex', range: '>=2.0.0 <3.0.0', hasData: true }
431 silly addNameRange versions [ 'ansi-regex',
431 silly addNameRange   [ '0.1.0', '0.2.0', '0.2.1', '1.0.0', '1.1.0', '1.1.1', '2.0.0' ] ]
432 silly addNamed ansi-regex@2.0.0
433 verbose addNamed "2.0.0" is a plain semver version for ansi-regex
434 silly cache afterAdd ansi-regex@2.0.0
435 verbose afterAdd /Users/tqwhite/.npm/ansi-regex/2.0.0/package/package.json not in flight; writing
436 verbose correctMkdir /Users/tqwhite/.npm correctMkdir not in flight; initializing
437 verbose afterAdd /Users/tqwhite/.npm/ansi-regex/2.0.0/package/package.json written
438 silly fetchNamedPackageData graceful-readlink
439 silly mapToRegistry name graceful-readlink
440 silly mapToRegistry using default registry
441 silly mapToRegistry registry https://registry.npmjs.org/
442 silly mapToRegistry data Result {
442 silly mapToRegistry   raw: 'graceful-readlink',
442 silly mapToRegistry   scope: null,
442 silly mapToRegistry   name: 'graceful-readlink',
442 silly mapToRegistry   rawSpec: '',
442 silly mapToRegistry   spec: 'latest',
442 silly mapToRegistry   type: 'tag' }
443 silly mapToRegistry uri https://registry.npmjs.org/graceful-readlink
444 verbose request uri https://registry.npmjs.org/graceful-readlink
445 verbose request no auth needed
446 info attempt registry request try #1 at 3:19:23 PM
447 verbose etag "988MRJ1MMQXIE5M1Z07FW0TX7"
448 http request GET https://registry.npmjs.org/graceful-readlink
449 http 200 https://registry.npmjs.org/graceful-readlink
450 verbose headers { server: 'nginx/1.10.1',
450 verbose headers   'content-type': 'application/json',
450 verbose headers   'last-modified': 'Tue, 01 Nov 2016 17:26:54 GMT',
450 verbose headers   etag: 'W/"5818d05e-c0c"',
450 verbose headers   'content-encoding': 'gzip',
450 verbose headers   'cache-control': 'max-age=300',
450 verbose headers   'content-length': '973',
450 verbose headers   'accept-ranges': 'bytes',
450 verbose headers   date: 'Wed, 23 Nov 2016 21:19:23 GMT',
450 verbose headers   via: '1.1 varnish',
450 verbose headers   age: '155',
450 verbose headers   connection: 'keep-alive',
450 verbose headers   'x-served-by': 'cache-iad2120-IAD',
450 verbose headers   'x-cache': 'HIT',
450 verbose headers   'x-cache-hits': '15',
450 verbose headers   'x-timer': 'S1479935963.926419,VS0,VE0',
450 verbose headers   vary: 'Accept-Encoding' }
451 silly get cb [ 200,
451 silly get   { server: 'nginx/1.10.1',
451 silly get     'content-type': 'application/json',
451 silly get     'last-modified': 'Tue, 01 Nov 2016 17:26:54 GMT',
451 silly get     etag: 'W/"5818d05e-c0c"',
451 silly get     'content-encoding': 'gzip',
451 silly get     'cache-control': 'max-age=300',
451 silly get     'content-length': '973',
451 silly get     'accept-ranges': 'bytes',
451 silly get     date: 'Wed, 23 Nov 2016 21:19:23 GMT',
451 silly get     via: '1.1 varnish',
451 silly get     age: '155',
451 silly get     connection: 'keep-alive',
451 silly get     'x-served-by': 'cache-iad2120-IAD',
451 silly get     'x-cache': 'HIT',
451 silly get     'x-cache-hits': '15',
451 silly get     'x-timer': 'S1479935963.926419,VS0,VE0',
451 silly get     vary: 'Accept-Encoding' } ]
452 verbose get saving graceful-readlink to /Users/tqwhite/.npm/registry.npmjs.org/graceful-readlink/.cache.json
453 verbose correctMkdir /Users/tqwhite/.npm correctMkdir not in flight; initializing
454 silly resolveWithNewModule graceful-readlink@1.0.1 checking installable status
455 silly cache add args [ 'graceful-readlink@>= 1.0.0', null ]
456 verbose cache add spec graceful-readlink@>= 1.0.0
457 silly cache add parsed spec Result {
457 silly cache add   raw: 'graceful-readlink@>= 1.0.0',
457 silly cache add   scope: null,
457 silly cache add   name: 'graceful-readlink',
457 silly cache add   rawSpec: '>= 1.0.0',
457 silly cache add   spec: '>=1.0.0',
457 silly cache add   type: 'range' }
458 silly addNamed graceful-readlink@>=1.0.0
459 verbose addNamed ">=1.0.0" is a valid semver range for graceful-readlink
460 silly addNameRange { name: 'graceful-readlink', range: '>=1.0.0', hasData: false }
461 silly mapToRegistry name graceful-readlink
462 silly mapToRegistry using default registry
463 silly mapToRegistry registry https://registry.npmjs.org/
464 silly mapToRegistry data Result {
464 silly mapToRegistry   raw: 'graceful-readlink',
464 silly mapToRegistry   scope: null,
464 silly mapToRegistry   name: 'graceful-readlink',
464 silly mapToRegistry   rawSpec: '',
464 silly mapToRegistry   spec: 'latest',
464 silly mapToRegistry   type: 'tag' }
465 silly mapToRegistry uri https://registry.npmjs.org/graceful-readlink
466 verbose addNameRange registry:https://registry.npmjs.org/graceful-readlink not in flight; fetching
467 verbose get https://registry.npmjs.org/graceful-readlink not expired, no request
468 silly addNameRange number 2 { name: 'graceful-readlink', range: '>=1.0.0', hasData: true }
469 silly addNameRange versions [ 'graceful-readlink', [ '1.0.0', '1.0.1' ] ]
470 silly addNamed graceful-readlink@1.0.1
471 verbose addNamed "1.0.1" is a plain semver version for graceful-readlink
472 silly cache afterAdd graceful-readlink@1.0.1
473 verbose afterAdd /Users/tqwhite/.npm/graceful-readlink/1.0.1/package/package.json not in flight; writing
474 verbose correctMkdir /Users/tqwhite/.npm correctMkdir not in flight; initializing
475 verbose afterAdd /Users/tqwhite/.npm/graceful-readlink/1.0.1/package/package.json written
476 silly fetchNamedPackageData lru-cache
477 silly mapToRegistry name lru-cache
478 silly mapToRegistry using default registry
479 silly mapToRegistry registry https://registry.npmjs.org/
480 silly mapToRegistry data Result {
480 silly mapToRegistry   raw: 'lru-cache',
480 silly mapToRegistry   scope: null,
480 silly mapToRegistry   name: 'lru-cache',
480 silly mapToRegistry   rawSpec: '',
480 silly mapToRegistry   spec: 'latest',
480 silly mapToRegistry   type: 'tag' }
481 silly mapToRegistry uri https://registry.npmjs.org/lru-cache
482 silly fetchNamedPackageData which
483 silly mapToRegistry name which
484 silly mapToRegistry using default registry
485 silly mapToRegistry registry https://registry.npmjs.org/
486 silly mapToRegistry data Result {
486 silly mapToRegistry   raw: 'which',
486 silly mapToRegistry   scope: null,
486 silly mapToRegistry   name: 'which',
486 silly mapToRegistry   rawSpec: '',
486 silly mapToRegistry   spec: 'latest',
486 silly mapToRegistry   type: 'tag' }
487 silly mapToRegistry uri https://registry.npmjs.org/which
488 verbose request uri https://registry.npmjs.org/lru-cache
489 verbose request no auth needed
490 info attempt registry request try #1 at 3:19:23 PM
491 verbose etag "B4FG6Y8SHOK9196DBYAS52ZWP"
492 http request GET https://registry.npmjs.org/lru-cache
493 verbose request uri https://registry.npmjs.org/which
494 verbose request no auth needed
495 info attempt registry request try #1 at 3:19:23 PM
496 verbose etag "2KFIPWGAL54RH75Q4VKLWD6E0"
497 http request GET https://registry.npmjs.org/which
498 http 200 https://registry.npmjs.org/lru-cache
499 verbose headers { server: 'nginx/1.10.1',
499 verbose headers   'content-type': 'application/json',
499 verbose headers   'last-modified': 'Fri, 18 Nov 2016 07:03:24 GMT',
499 verbose headers   etag: 'W/"582ea7bc-c2f2"',
499 verbose headers   'content-encoding': 'gzip',
499 verbose headers   'cache-control': 'max-age=300',
499 verbose headers   'content-length': '7254',
499 verbose headers   'accept-ranges': 'bytes',
499 verbose headers   date: 'Wed, 23 Nov 2016 21:19:23 GMT',
499 verbose headers   via: '1.1 varnish',
499 verbose headers   age: '102',
499 verbose headers   connection: 'keep-alive',
499 verbose headers   'x-served-by': 'cache-iad2635-IAD',
499 verbose headers   'x-cache': 'HIT',
499 verbose headers   'x-cache-hits': '6',
499 verbose headers   'x-timer': 'S1479935963.985020,VS0,VE0',
499 verbose headers   vary: 'Accept-Encoding' }
500 silly get cb [ 200,
500 silly get   { server: 'nginx/1.10.1',
500 silly get     'content-type': 'application/json',
500 silly get     'last-modified': 'Fri, 18 Nov 2016 07:03:24 GMT',
500 silly get     etag: 'W/"582ea7bc-c2f2"',
500 silly get     'content-encoding': 'gzip',
500 silly get     'cache-control': 'max-age=300',
500 silly get     'content-length': '7254',
500 silly get     'accept-ranges': 'bytes',
500 silly get     date: 'Wed, 23 Nov 2016 21:19:23 GMT',
500 silly get     via: '1.1 varnish',
500 silly get     age: '102',
500 silly get     connection: 'keep-alive',
500 silly get     'x-served-by': 'cache-iad2635-IAD',
500 silly get     'x-cache': 'HIT',
500 silly get     'x-cache-hits': '6',
500 silly get     'x-timer': 'S1479935963.985020,VS0,VE0',
500 silly get     vary: 'Accept-Encoding' } ]
501 verbose get saving lru-cache to /Users/tqwhite/.npm/registry.npmjs.org/lru-cache/.cache.json
502 verbose correctMkdir /Users/tqwhite/.npm correctMkdir not in flight; initializing
503 silly resolveWithNewModule lru-cache@4.0.1 checking installable status
504 silly cache add args [ 'lru-cache@^4.0.0', null ]
505 verbose cache add spec lru-cache@^4.0.0
506 silly cache add parsed spec Result {
506 silly cache add   raw: 'lru-cache@^4.0.0',
506 silly cache add   scope: null,
506 silly cache add   name: 'lru-cache',
506 silly cache add   rawSpec: '^4.0.0',
506 silly cache add   spec: '>=4.0.0 <5.0.0',
506 silly cache add   type: 'range' }
507 silly addNamed lru-cache@>=4.0.0 <5.0.0
508 verbose addNamed ">=4.0.0 <5.0.0" is a valid semver range for lru-cache
509 silly addNameRange { name: 'lru-cache', range: '>=4.0.0 <5.0.0', hasData: false }
510 silly mapToRegistry name lru-cache
511 silly mapToRegistry using default registry
512 silly mapToRegistry registry https://registry.npmjs.org/
513 silly mapToRegistry data Result {
513 silly mapToRegistry   raw: 'lru-cache',
513 silly mapToRegistry   scope: null,
513 silly mapToRegistry   name: 'lru-cache',
513 silly mapToRegistry   rawSpec: '',
513 silly mapToRegistry   spec: 'latest',
513 silly mapToRegistry   type: 'tag' }
514 silly mapToRegistry uri https://registry.npmjs.org/lru-cache
515 verbose addNameRange registry:https://registry.npmjs.org/lru-cache not in flight; fetching
516 http 200 https://registry.npmjs.org/which
517 verbose headers { server: 'nginx/1.10.1',
517 verbose headers   'content-type': 'application/json',
517 verbose headers   'last-modified': 'Fri, 11 Nov 2016 22:21:00 GMT',
517 verbose headers   etag: 'W/"5826444c-6e9f"',
517 verbose headers   'content-encoding': 'gzip',
517 verbose headers   'cache-control': 'max-age=300',
517 verbose headers   'content-length': '4107',
517 verbose headers   'accept-ranges': 'bytes',
517 verbose headers   date: 'Wed, 23 Nov 2016 21:19:23 GMT',
517 verbose headers   via: '1.1 varnish',
517 verbose headers   age: '181',
517 verbose headers   connection: 'keep-alive',
517 verbose headers   'x-served-by': 'cache-iad2127-IAD',
517 verbose headers   'x-cache': 'HIT',
517 verbose headers   'x-cache-hits': '12',
517 verbose headers   'x-timer': 'S1479935963.991340,VS0,VE0',
517 verbose headers   vary: 'Accept-Encoding' }
518 silly get cb [ 200,
518 silly get   { server: 'nginx/1.10.1',
518 silly get     'content-type': 'application/json',
518 silly get     'last-modified': 'Fri, 11 Nov 2016 22:21:00 GMT',
518 silly get     etag: 'W/"5826444c-6e9f"',
518 silly get     'content-encoding': 'gzip',
518 silly get     'cache-control': 'max-age=300',
518 silly get     'content-length': '4107',
518 silly get     'accept-ranges': 'bytes',
518 silly get     date: 'Wed, 23 Nov 2016 21:19:23 GMT',
518 silly get     via: '1.1 varnish',
518 silly get     age: '181',
518 silly get     connection: 'keep-alive',
518 silly get     'x-served-by': 'cache-iad2127-IAD',
518 silly get     'x-cache': 'HIT',
518 silly get     'x-cache-hits': '12',
518 silly get     'x-timer': 'S1479935963.991340,VS0,VE0',
518 silly get     vary: 'Accept-Encoding' } ]
519 verbose get saving which to /Users/tqwhite/.npm/registry.npmjs.org/which/.cache.json
520 verbose correctMkdir /Users/tqwhite/.npm correctMkdir not in flight; initializing
521 verbose get https://registry.npmjs.org/lru-cache not expired, no request
522 silly addNameRange number 2 { name: 'lru-cache', range: '>=4.0.0 <5.0.0', hasData: true }
523 silly addNameRange versions [ 'lru-cache',
523 silly addNameRange   [ '1.0.1',
523 silly addNameRange     '1.0.2',
523 silly addNameRange     '1.0.3',
523 silly addNameRange     '1.0.4',
523 silly addNameRange     '1.0.5',
523 silly addNameRange     '1.0.6',
523 silly addNameRange     '1.1.0',
523 silly addNameRange     '1.1.1',
523 silly addNameRange     '2.0.0',
523 silly addNameRange     '2.0.1',
523 silly addNameRange     '2.0.2',
523 silly addNameRange     '2.0.3',
523 silly addNameRange     '2.0.4',
523 silly addNameRange     '2.1.0',
523 silly addNameRange     '2.2.0',
523 silly addNameRange     '2.2.1',
523 silly addNameRange     '2.2.2',
523 silly addNameRange     '2.2.4',
523 silly addNameRange     '2.3.0',
523 silly addNameRange     '2.3.1',
523 silly addNameRange     '2.5.0',
523 silly addNameRange     '2.5.1',
523 silly addNameRange     '2.5.2',
523 silly addNameRange     '2.6.0',
523 silly addNameRange     '2.6.1',
523 silly addNameRange     '2.6.2',
523 silly addNameRange     '2.6.3',
523 silly addNameRange     '2.6.4',
523 silly addNameRange     '2.6.5',
523 silly addNameRange     '2.7.0',
523 silly addNameRange     '2.7.1',
523 silly addNameRange     '2.7.2',
523 silly addNameRange     '2.7.3',
523 silly addNameRange     '3.0.0',
523 silly addNameRange     '3.1.0',
523 silly addNameRange     '3.1.1',
523 silly addNameRange     '3.1.2',
523 silly addNameRange     '3.2.0',
523 silly addNameRange     '4.0.0',
523 silly addNameRange     '4.0.1' ] ]
524 silly addNamed lru-cache@4.0.1
525 verbose addNamed "4.0.1" is a plain semver version for lru-cache
526 silly cache afterAdd lru-cache@4.0.1
527 verbose afterAdd /Users/tqwhite/.npm/lru-cache/4.0.1/package/package.json not in flight; writing
528 verbose correctMkdir /Users/tqwhite/.npm correctMkdir not in flight; initializing
529 silly resolveWithNewModule which@1.2.12 checking installable status
530 silly cache add args [ 'which@^1.2.8', null ]
531 verbose cache add spec which@^1.2.8
532 silly cache add parsed spec Result {
532 silly cache add   raw: 'which@^1.2.8',
532 silly cache add   scope: null,
532 silly cache add   name: 'which',
532 silly cache add   rawSpec: '^1.2.8',
532 silly cache add   spec: '>=1.2.8 <2.0.0',
532 silly cache add   type: 'range' }
533 silly addNamed which@>=1.2.8 <2.0.0
534 verbose addNamed ">=1.2.8 <2.0.0" is a valid semver range for which
535 silly addNameRange { name: 'which', range: '>=1.2.8 <2.0.0', hasData: false }
536 silly mapToRegistry name which
537 silly mapToRegistry using default registry
538 silly mapToRegistry registry https://registry.npmjs.org/
539 silly mapToRegistry data Result {
539 silly mapToRegistry   raw: 'which',
539 silly mapToRegistry   scope: null,
539 silly mapToRegistry   name: 'which',
539 silly mapToRegistry   rawSpec: '',
539 silly mapToRegistry   spec: 'latest',
539 silly mapToRegistry   type: 'tag' }
540 silly mapToRegistry uri https://registry.npmjs.org/which
541 verbose addNameRange registry:https://registry.npmjs.org/which not in flight; fetching
542 verbose get https://registry.npmjs.org/which not expired, no request
543 silly addNameRange number 2 { name: 'which', range: '>=1.2.8 <2.0.0', hasData: true }
544 silly addNameRange versions [ 'which',
544 silly addNameRange   [ '1.0.0',
544 silly addNameRange     '1.0.1',
544 silly addNameRange     '1.0.2',
544 silly addNameRange     '1.0.3',
544 silly addNameRange     '1.0.5',
544 silly addNameRange     '1.0.6',
544 silly addNameRange     '1.0.7',
544 silly addNameRange     '1.0.8',
544 silly addNameRange     '1.0.9',
544 silly addNameRange     '1.1.0',
544 silly addNameRange     '1.1.1',
544 silly addNameRange     '1.1.2',
544 silly addNameRange     '1.2.0',
544 silly addNameRange     '1.2.1',
544 silly addNameRange     '1.2.4',
544 silly addNameRange     '1.2.5',
544 silly addNameRange     '1.2.6',
544 silly addNameRange     '1.2.7',
544 silly addNameRange     '1.2.8',
544 silly addNameRange     '1.2.9',
544 silly addNameRange     '1.2.10',
544 silly addNameRange     '1.2.11',
544 silly addNameRange     '1.2.12' ] ]
545 silly addNamed which@1.2.12
546 verbose addNamed "1.2.12" is a plain semver version for which
547 verbose afterAdd /Users/tqwhite/.npm/lru-cache/4.0.1/package/package.json written
548 silly mapToRegistry name which
549 silly mapToRegistry using default registry
550 silly mapToRegistry registry https://registry.npmjs.org/
551 silly mapToRegistry data Result {
551 silly mapToRegistry   raw: 'which',
551 silly mapToRegistry   scope: null,
551 silly mapToRegistry   name: 'which',
551 silly mapToRegistry   rawSpec: '',
551 silly mapToRegistry   spec: 'latest',
551 silly mapToRegistry   type: 'tag' }
552 silly mapToRegistry uri https://registry.npmjs.org/which
553 verbose addRemoteTarball https://registry.npmjs.org/which/-/which-1.2.12.tgz not in flight; adding
554 verbose addRemoteTarball [ 'https://registry.npmjs.org/which/-/which-1.2.12.tgz',
554 verbose addRemoteTarball   'de67b5e450269f194909ef23ece4ebe416fa1192' ]
555 info retry fetch attempt 1 at 3:19:24 PM
556 info attempt registry request try #1 at 3:19:24 PM
557 http fetch GET https://registry.npmjs.org/which/-/which-1.2.12.tgz
558 http fetch 200 https://registry.npmjs.org/which/-/which-1.2.12.tgz
559 silly fetchAndShaCheck shasum de67b5e450269f194909ef23ece4ebe416fa1192
560 verbose addTmpTarball /var/folders/lv/0cvg37tx0bn0wtjkggxb2vvw0000gn/T/npm-15898-cfdff641/registry.npmjs.org/which/-/which-1.2.12.tgz not in flight; adding
561 verbose addTmpTarball already have metadata; skipping unpack for which@1.2.12
562 verbose correctMkdir /Users/tqwhite/.npm correctMkdir not in flight; initializing
563 silly cache afterAdd which@1.2.12
564 verbose afterAdd /Users/tqwhite/.npm/which/1.2.12/package/package.json not in flight; writing
565 verbose correctMkdir /Users/tqwhite/.npm correctMkdir not in flight; initializing
566 verbose afterAdd /Users/tqwhite/.npm/which/1.2.12/package/package.json written
567 silly fetchNamedPackageData pseudomap
568 silly mapToRegistry name pseudomap
569 silly mapToRegistry using default registry
570 silly mapToRegistry registry https://registry.npmjs.org/
571 silly mapToRegistry data Result {
571 silly mapToRegistry   raw: 'pseudomap',
571 silly mapToRegistry   scope: null,
571 silly mapToRegistry   name: 'pseudomap',
571 silly mapToRegistry   rawSpec: '',
571 silly mapToRegistry   spec: 'latest',
571 silly mapToRegistry   type: 'tag' }
572 silly mapToRegistry uri https://registry.npmjs.org/pseudomap
573 silly fetchNamedPackageData yallist
574 silly mapToRegistry name yallist
575 silly mapToRegistry using default registry
576 silly mapToRegistry registry https://registry.npmjs.org/
577 silly mapToRegistry data Result {
577 silly mapToRegistry   raw: 'yallist',
577 silly mapToRegistry   scope: null,
577 silly mapToRegistry   name: 'yallist',
577 silly mapToRegistry   rawSpec: '',
577 silly mapToRegistry   spec: 'latest',
577 silly mapToRegistry   type: 'tag' }
578 silly mapToRegistry uri https://registry.npmjs.org/yallist
579 verbose request uri https://registry.npmjs.org/pseudomap
580 verbose request no auth needed
581 info attempt registry request try #1 at 3:19:24 PM
582 verbose etag "DUOK70GJPZOHMDOKRKT7ULNQM"
583 http request GET https://registry.npmjs.org/pseudomap
584 verbose request uri https://registry.npmjs.org/yallist
585 verbose request no auth needed
586 info attempt registry request try #1 at 3:19:24 PM
587 verbose etag "3LK2LCIO05OJQFXB4G9ZEET1H"
588 http request GET https://registry.npmjs.org/yallist
589 http 200 https://registry.npmjs.org/pseudomap
590 verbose headers { server: 'nginx/1.10.1',
590 verbose headers   'content-type': 'application/json',
590 verbose headers   'last-modified': 'Tue, 05 Jan 2016 03:03:55 GMT',
590 verbose headers   etag: 'W/"568b329b-1852"',
590 verbose headers   'content-encoding': 'gzip',
590 verbose headers   'cache-control': 'max-age=300',
590 verbose headers   'content-length': '1965',
590 verbose headers   'accept-ranges': 'bytes',
590 verbose headers   date: 'Wed, 23 Nov 2016 21:19:24 GMT',
590 verbose headers   via: '1.1 varnish',
590 verbose headers   age: '4',
590 verbose headers   connection: 'keep-alive',
590 verbose headers   'x-served-by': 'cache-iad2148-IAD',
590 verbose headers   'x-cache': 'HIT',
590 verbose headers   'x-cache-hits': '2',
590 verbose headers   'x-timer': 'S1479935964.127259,VS0,VE0',
590 verbose headers   vary: 'Accept-Encoding' }
591 silly get cb [ 200,
591 silly get   { server: 'nginx/1.10.1',
591 silly get     'content-type': 'application/json',
591 silly get     'last-modified': 'Tue, 05 Jan 2016 03:03:55 GMT',
591 silly get     etag: 'W/"568b329b-1852"',
591 silly get     'content-encoding': 'gzip',
591 silly get     'cache-control': 'max-age=300',
591 silly get     'content-length': '1965',
591 silly get     'accept-ranges': 'bytes',
591 silly get     date: 'Wed, 23 Nov 2016 21:19:24 GMT',
591 silly get     via: '1.1 varnish',
591 silly get     age: '4',
591 silly get     connection: 'keep-alive',
591 silly get     'x-served-by': 'cache-iad2148-IAD',
591 silly get     'x-cache': 'HIT',
591 silly get     'x-cache-hits': '2',
591 silly get     'x-timer': 'S1479935964.127259,VS0,VE0',
591 silly get     vary: 'Accept-Encoding' } ]
592 verbose get saving pseudomap to /Users/tqwhite/.npm/registry.npmjs.org/pseudomap/.cache.json
593 verbose correctMkdir /Users/tqwhite/.npm correctMkdir not in flight; initializing
594 silly resolveWithNewModule pseudomap@1.0.2 checking installable status
595 silly cache add args [ 'pseudomap@^1.0.1', null ]
596 verbose cache add spec pseudomap@^1.0.1
597 silly cache add parsed spec Result {
597 silly cache add   raw: 'pseudomap@^1.0.1',
597 silly cache add   scope: null,
597 silly cache add   name: 'pseudomap',
597 silly cache add   rawSpec: '^1.0.1',
597 silly cache add   spec: '>=1.0.1 <2.0.0',
597 silly cache add   type: 'range' }
598 silly addNamed pseudomap@>=1.0.1 <2.0.0
599 verbose addNamed ">=1.0.1 <2.0.0" is a valid semver range for pseudomap
600 silly addNameRange { name: 'pseudomap', range: '>=1.0.1 <2.0.0', hasData: false }
601 silly mapToRegistry name pseudomap
602 silly mapToRegistry using default registry
603 silly mapToRegistry registry https://registry.npmjs.org/
604 silly mapToRegistry data Result {
604 silly mapToRegistry   raw: 'pseudomap',
604 silly mapToRegistry   scope: null,
604 silly mapToRegistry   name: 'pseudomap',
604 silly mapToRegistry   rawSpec: '',
604 silly mapToRegistry   spec: 'latest',
604 silly mapToRegistry   type: 'tag' }
605 silly mapToRegistry uri https://registry.npmjs.org/pseudomap
606 verbose addNameRange registry:https://registry.npmjs.org/pseudomap not in flight; fetching
607 http 200 https://registry.npmjs.org/yallist
608 verbose headers { server: 'nginx/1.10.1',
608 verbose headers   'content-type': 'application/json',
608 verbose headers   'last-modified': 'Sat, 19 Dec 2015 19:55:29 GMT',
608 verbose headers   etag: 'W/"5675b631-28b7"',
608 verbose headers   'content-encoding': 'gzip',
608 verbose headers   'cache-control': 'max-age=300',
608 verbose headers   'content-length': '2845',
608 verbose headers   'accept-ranges': 'bytes',
608 verbose headers   date: 'Wed, 23 Nov 2016 21:19:24 GMT',
608 verbose headers   via: '1.1 varnish',
608 verbose headers   age: '3',
608 verbose headers   connection: 'keep-alive',
608 verbose headers   'x-served-by': 'cache-iad2120-IAD',
608 verbose headers   'x-cache': 'HIT',
608 verbose headers   'x-cache-hits': '1',
608 verbose headers   'x-timer': 'S1479935964.135841,VS0,VE0',
608 verbose headers   vary: 'Accept-Encoding' }
609 silly get cb [ 200,
609 silly get   { server: 'nginx/1.10.1',
609 silly get     'content-type': 'application/json',
609 silly get     'last-modified': 'Sat, 19 Dec 2015 19:55:29 GMT',
609 silly get     etag: 'W/"5675b631-28b7"',
609 silly get     'content-encoding': 'gzip',
609 silly get     'cache-control': 'max-age=300',
609 silly get     'content-length': '2845',
609 silly get     'accept-ranges': 'bytes',
609 silly get     date: 'Wed, 23 Nov 2016 21:19:24 GMT',
609 silly get     via: '1.1 varnish',
609 silly get     age: '3',
609 silly get     connection: 'keep-alive',
609 silly get     'x-served-by': 'cache-iad2120-IAD',
609 silly get     'x-cache': 'HIT',
609 silly get     'x-cache-hits': '1',
609 silly get     'x-timer': 'S1479935964.135841,VS0,VE0',
609 silly get     vary: 'Accept-Encoding' } ]
610 verbose get saving yallist to /Users/tqwhite/.npm/registry.npmjs.org/yallist/.cache.json
611 verbose correctMkdir /Users/tqwhite/.npm correctMkdir not in flight; initializing
612 verbose get https://registry.npmjs.org/pseudomap not expired, no request
613 silly addNameRange number 2 { name: 'pseudomap', range: '>=1.0.1 <2.0.0', hasData: true }
614 silly addNameRange versions [ 'pseudomap', [ '1.0.0', '1.0.1', '1.0.2' ] ]
615 silly addNamed pseudomap@1.0.2
616 verbose addNamed "1.0.2" is a plain semver version for pseudomap
617 silly cache afterAdd pseudomap@1.0.2
618 verbose afterAdd /Users/tqwhite/.npm/pseudomap/1.0.2/package/package.json not in flight; writing
619 verbose correctMkdir /Users/tqwhite/.npm correctMkdir not in flight; initializing
620 silly resolveWithNewModule yallist@2.0.0 checking installable status
621 silly cache add args [ 'yallist@^2.0.0', null ]
622 verbose cache add spec yallist@^2.0.0
623 silly cache add parsed spec Result {
623 silly cache add   raw: 'yallist@^2.0.0',
623 silly cache add   scope: null,
623 silly cache add   name: 'yallist',
623 silly cache add   rawSpec: '^2.0.0',
623 silly cache add   spec: '>=2.0.0 <3.0.0',
623 silly cache add   type: 'range' }
624 silly addNamed yallist@>=2.0.0 <3.0.0
625 verbose addNamed ">=2.0.0 <3.0.0" is a valid semver range for yallist
626 silly addNameRange { name: 'yallist', range: '>=2.0.0 <3.0.0', hasData: false }
627 silly mapToRegistry name yallist
628 silly mapToRegistry using default registry
629 silly mapToRegistry registry https://registry.npmjs.org/
630 silly mapToRegistry data Result {
630 silly mapToRegistry   raw: 'yallist',
630 silly mapToRegistry   scope: null,
630 silly mapToRegistry   name: 'yallist',
630 silly mapToRegistry   rawSpec: '',
630 silly mapToRegistry   spec: 'latest',
630 silly mapToRegistry   type: 'tag' }
631 silly mapToRegistry uri https://registry.npmjs.org/yallist
632 verbose addNameRange registry:https://registry.npmjs.org/yallist not in flight; fetching
633 verbose get https://registry.npmjs.org/yallist not expired, no request
634 silly addNameRange number 2 { name: 'yallist', range: '>=2.0.0 <3.0.0', hasData: true }
635 silly addNameRange versions [ 'yallist', [ '1.0.0', '1.0.1', '1.0.2', '1.1.0', '2.0.0' ] ]
636 silly addNamed yallist@2.0.0
637 verbose addNamed "2.0.0" is a plain semver version for yallist
638 verbose afterAdd /Users/tqwhite/.npm/pseudomap/1.0.2/package/package.json written
639 silly cache afterAdd yallist@2.0.0
640 verbose afterAdd /Users/tqwhite/.npm/yallist/2.0.0/package/package.json not in flight; writing
641 verbose correctMkdir /Users/tqwhite/.npm correctMkdir not in flight; initializing
642 verbose afterAdd /Users/tqwhite/.npm/yallist/2.0.0/package/package.json written
643 silly fetchNamedPackageData isexe
644 silly mapToRegistry name isexe
645 silly mapToRegistry using default registry
646 silly mapToRegistry registry https://registry.npmjs.org/
647 silly mapToRegistry data Result {
647 silly mapToRegistry   raw: 'isexe',
647 silly mapToRegistry   scope: null,
647 silly mapToRegistry   name: 'isexe',
647 silly mapToRegistry   rawSpec: '',
647 silly mapToRegistry   spec: 'latest',
647 silly mapToRegistry   type: 'tag' }
648 silly mapToRegistry uri https://registry.npmjs.org/isexe
649 verbose request uri https://registry.npmjs.org/isexe
650 verbose request no auth needed
651 info attempt registry request try #1 at 3:19:24 PM
652 verbose etag "A2WFQOVCYSXLEGQ5B5D2A8KGT"
653 http request GET https://registry.npmjs.org/isexe
654 http 200 https://registry.npmjs.org/isexe
655 verbose headers { server: 'nginx/1.10.1',
655 verbose headers   'content-type': 'application/json',
655 verbose headers   'last-modified': 'Tue, 09 Feb 2016 04:39:57 GMT',
655 verbose headers   etag: 'W/"56b96d9d-1cc5"',
655 verbose headers   'content-encoding': 'gzip',
655 verbose headers   'cache-control': 'max-age=300',
655 verbose headers   'content-length': '1880',
655 verbose headers   'accept-ranges': 'bytes',
655 verbose headers   date: 'Wed, 23 Nov 2016 21:19:24 GMT',
655 verbose headers   via: '1.1 varnish',
655 verbose headers   age: '26',
655 verbose headers   connection: 'keep-alive',
655 verbose headers   'x-served-by': 'cache-iad2635-IAD',
655 verbose headers   'x-cache': 'HIT',
655 verbose headers   'x-cache-hits': '4',
655 verbose headers   'x-timer': 'S1479935964.202000,VS0,VE0',
655 verbose headers   vary: 'Accept-Encoding' }
656 silly get cb [ 200,
656 silly get   { server: 'nginx/1.10.1',
656 silly get     'content-type': 'application/json',
656 silly get     'last-modified': 'Tue, 09 Feb 2016 04:39:57 GMT',
656 silly get     etag: 'W/"56b96d9d-1cc5"',
656 silly get     'content-encoding': 'gzip',
656 silly get     'cache-control': 'max-age=300',
656 silly get     'content-length': '1880',
656 silly get     'accept-ranges': 'bytes',
656 silly get     date: 'Wed, 23 Nov 2016 21:19:24 GMT',
656 silly get     via: '1.1 varnish',
656 silly get     age: '26',
656 silly get     connection: 'keep-alive',
656 silly get     'x-served-by': 'cache-iad2635-IAD',
656 silly get     'x-cache': 'HIT',
656 silly get     'x-cache-hits': '4',
656 silly get     'x-timer': 'S1479935964.202000,VS0,VE0',
656 silly get     vary: 'Accept-Encoding' } ]
657 verbose get saving isexe to /Users/tqwhite/.npm/registry.npmjs.org/isexe/.cache.json
658 verbose correctMkdir /Users/tqwhite/.npm correctMkdir not in flight; initializing
659 silly resolveWithNewModule isexe@1.1.2 checking installable status
660 silly cache add args [ 'isexe@^1.1.1', null ]
661 verbose cache add spec isexe@^1.1.1
662 silly cache add parsed spec Result {
662 silly cache add   raw: 'isexe@^1.1.1',
662 silly cache add   scope: null,
662 silly cache add   name: 'isexe',
662 silly cache add   rawSpec: '^1.1.1',
662 silly cache add   spec: '>=1.1.1 <2.0.0',
662 silly cache add   type: 'range' }
663 silly addNamed isexe@>=1.1.1 <2.0.0
664 verbose addNamed ">=1.1.1 <2.0.0" is a valid semver range for isexe
665 silly addNameRange { name: 'isexe', range: '>=1.1.1 <2.0.0', hasData: false }
666 silly mapToRegistry name isexe
667 silly mapToRegistry using default registry
668 silly mapToRegistry registry https://registry.npmjs.org/
669 silly mapToRegistry data Result {
669 silly mapToRegistry   raw: 'isexe',
669 silly mapToRegistry   scope: null,
669 silly mapToRegistry   name: 'isexe',
669 silly mapToRegistry   rawSpec: '',
669 silly mapToRegistry   spec: 'latest',
669 silly mapToRegistry   type: 'tag' }
670 silly mapToRegistry uri https://registry.npmjs.org/isexe
671 verbose addNameRange registry:https://registry.npmjs.org/isexe not in flight; fetching
672 verbose get https://registry.npmjs.org/isexe not expired, no request
673 silly addNameRange number 2 { name: 'isexe', range: '>=1.1.1 <2.0.0', hasData: true }
674 silly addNameRange versions [ 'isexe', [ '1.0.0', '1.0.1', '1.1.0', '1.1.1', '1.1.2' ] ]
675 silly addNamed isexe@1.1.2
676 verbose addNamed "1.1.2" is a plain semver version for isexe
677 silly cache afterAdd isexe@1.1.2
678 verbose afterAdd /Users/tqwhite/.npm/isexe/1.1.2/package/package.json not in flight; writing
679 verbose correctMkdir /Users/tqwhite/.npm correctMkdir not in flight; initializing
680 verbose afterAdd /Users/tqwhite/.npm/isexe/1.1.2/package/package.json written
681 silly loadAllDepsIntoIdealTree Finishing
682 silly idealTree:prePrune lib
682 silly idealTree:prePrune  donejs@0.9.2
682 silly idealTree:prePrune    ansi-regex@2.0.0
682 silly idealTree:prePrune    ansi-styles@2.2.1
682 silly idealTree:prePrune    chalk@1.1.3
682 silly idealTree:prePrune    commander@2.9.0
682 silly idealTree:prePrune    cross-spawn-async@2.2.5
682 silly idealTree:prePrune    escape-string-regexp@1.0.5
682 silly idealTree:prePrune    graceful-readlink@1.0.1
682 silly idealTree:prePrune    has-ansi@2.0.0
682 silly idealTree:prePrune    isexe@1.1.2
682 silly idealTree:prePrune    lru-cache@4.0.1
682 silly idealTree:prePrune    pseudomap@1.0.2
682 silly idealTree:prePrune    q@1.4.1
682 silly idealTree:prePrune    strip-ansi@3.0.1
682 silly idealTree:prePrune    supports-color@2.0.0
682 silly idealTree:prePrune    which@1.2.12
682 silly idealTree:prePrune    yallist@2.0.0
683 silly loadIdealTree Finishing
684 silly currentTree lib
684 silly currentTree  donejs@0.9.2
684 silly currentTree    ansi-regex@2.0.0
684 silly currentTree    ansi-styles@2.2.1
684 silly currentTree    chalk@1.1.3
684 silly currentTree    commander@2.9.0
684 silly currentTree    cross-spawn-async@2.2.4
684 silly currentTree    escape-string-regexp@1.0.5
684 silly currentTree    graceful-readlink@1.0.1
684 silly currentTree    has-ansi@2.0.0
684 silly currentTree    isexe@1.1.2
684 silly currentTree    lru-cache@4.0.1
684 silly currentTree    pseudomap@1.0.2
684 silly currentTree    q@1.4.1
684 silly currentTree    strip-ansi@3.0.1
684 silly currentTree    supports-color@2.0.0
684 silly currentTree    which@1.2.11
684 silly currentTree    yallist@2.0.0
685 silly idealTree lib
685 silly idealTree  donejs@0.9.2
685 silly idealTree    ansi-regex@2.0.0
685 silly idealTree    ansi-styles@2.2.1
685 silly idealTree    chalk@1.1.3
685 silly idealTree    commander@2.9.0
685 silly idealTree    cross-spawn-async@2.2.5
685 silly idealTree    escape-string-regexp@1.0.5
685 silly idealTree    graceful-readlink@1.0.1
685 silly idealTree    has-ansi@2.0.0
685 silly idealTree    isexe@1.1.2
685 silly idealTree    lru-cache@4.0.1
685 silly idealTree    pseudomap@1.0.2
685 silly idealTree    q@1.4.1
685 silly idealTree    strip-ansi@3.0.1
685 silly idealTree    supports-color@2.0.0
685 silly idealTree    which@1.2.12
685 silly idealTree    yallist@2.0.0
686 silly generateActionsToTake Starting
687 silly install generateActionsToTake
688 warn checkPermissions Missing write access to /usr/local/lib/node_modules/donejs/node_modules/which
689 warn checkPermissions Missing write access to /usr/local/lib/node_modules/donejs
690 warn checkPermissions Missing write access to /usr/local/lib/node_modules/donejs/node_modules
691 silly rollbackFailedOptional Starting
692 silly rollbackFailedOptional Finishing
693 silly runTopLevelLifecycles Starting
694 silly runTopLevelLifecycles Finishing
695 silly install printInstalled
696 verbose stack Error: EACCES: permission denied, access '/usr/local/lib/node_modules/donejs/node_modules/which'
696 verbose stack     at Error (native)
697 verbose cwd /Volumes/qubuntuFileServer/cmerdc/sunrise/sunriseUi/system/code
698 error Darwin 15.6.0
699 error argv "/usr/local/bin/node" "/usr/local/bin/npm" "install" "-g" "donejs"
700 error node v6.2.0
701 error npm  v3.8.9
702 error path /usr/local/lib/node_modules/donejs/node_modules/which
703 error code EACCES
704 error errno -13
705 error syscall access
706 error Error: EACCES: permission denied, access '/usr/local/lib/node_modules/donejs/node_modules/which'
706 error     at Error (native)
706 error  { Error: EACCES: permission denied, access '/usr/local/lib/node_modules/donejs/node_modules/which'
706 error     at Error (native)
706 error   errno: -13,
706 error   code: 'EACCES',
706 error   syscall: 'access',
706 error   path: '/usr/local/lib/node_modules/donejs/node_modules/which' }
707 error Please try running this command again as root/Administrator.
708 verbose exit [ -13, true ]
